\BOOKMARK [0][-]{chapter.1}{\376\377\173\054\116\000\172\340\000\040\000\040\176\352\213\272}{}% 1
\BOOKMARK [1][-]{section.1.1}{\376\377\000\061\000\056\000\061\000\040\213\376\230\230\170\024\172\166\200\314\146\157}{chapter.1}% 2
\BOOKMARK [1][-]{section.1.2}{\376\377\000\061\000\056\000\062\000\040\213\376\230\230\170\024\172\166\163\260\162\266}{chapter.1}% 3
\BOOKMARK [1][-]{section.1.3}{\376\377\000\061\000\056\000\063\000\040\213\376\230\230\170\024\172\166\121\205\133\271}{chapter.1}% 4
\BOOKMARK [1][-]{section.1.4}{\376\377\000\061\000\056\000\064\000\040\213\376\230\230\170\024\172\166\141\017\116\111}{chapter.1}% 5
\BOOKMARK [1][-]{section.1.5}{\376\377\000\061\000\056\000\065\000\040\145\207\172\340\176\304\176\307\176\323\147\204}{chapter.1}% 6
\BOOKMARK [0][-]{chapter.2}{\376\377\173\054\116\214\172\340\000\040\000\040\166\370\121\163\164\006\213\272\123\312\145\271\154\325}{}% 7
\BOOKMARK [1][-]{section.2.1}{\376\377\000\062\000\056\000\061\000\040\155\361\136\246\133\146\116\140\127\050\201\352\161\066\213\355\212\000\131\004\164\006\116\012\166\204\136\224\165\050}{chapter.2}% 8
\BOOKMARK [2][-]{subsection.2.1.1}{\376\377\000\062\000\056\000\061\000\056\000\061\000\040\213\315\124\021\221\317}{section.2.1}% 9
\BOOKMARK [2][-]{subsection.2.1.2}{\376\377\000\062\000\056\000\061\000\056\000\062\000\040\124\004\171\315\155\361\136\246\133\146\116\140\152\041\127\213\166\204\117\177\165\050}{section.2.1}% 10
\BOOKMARK [1][-]{section.2.2}{\376\377\000\062\000\056\000\062\000\040\122\006\122\162\137\017\117\341\140\157\142\275\123\326\151\202\137\365\116\345\123\312\163\260\147\011\166\204\145\271\154\325}{chapter.2}% 11
\BOOKMARK [2][-]{subsection.2.2.1}{\376\377\000\062\000\056\000\062\000\056\000\061\000\040\127\372\116\216\126\376\166\204\151\202\163\207\152\041\127\213}{section.2.2}% 12
\BOOKMARK [2][-]{subsection.2.2.2}{\376\377\000\062\000\056\000\062\000\056\000\062\000\040\127\372\116\216\167\345\213\306\136\223\133\236\163\260\145\340\166\321\167\143\166\204\142\275\123\326\152\041\127\213}{section.2.2}% 13
\BOOKMARK [1][-]{section.2.3}{\376\377\000\062\000\056\000\063\000\040\147\054\172\340\134\017\176\323}{chapter.2}% 14
\BOOKMARK [0][-]{chapter.3}{\376\377\173\054\116\011\172\340\000\040\000\040\127\372\116\216\123\167\171\357\171\136\176\317\177\121\176\334\166\204\215\052\132\152\137\017\151\202\163\207\150\007\154\350\173\227\154\325}{}% 15
\BOOKMARK [1][-]{section.3.1}{\376\377\000\063\000\056\000\061\000\040\173\227\154\325\151\202\217\360}{chapter.3}% 16
\BOOKMARK [1][-]{section.3.2}{\376\377\000\063\000\056\000\062\000\040\127\372\116\216\123\167\171\357\171\136\176\317\177\121\176\334\166\204\215\052\132\152\137\017\151\202\163\207\150\007\154\350\173\227\154\325}{chapter.3}% 17
\BOOKMARK [2][-]{subsection.3.2.1}{\376\377\000\063\000\056\000\062\000\056\000\061\000\040\127\372\116\216\167\345\213\306\136\223\166\204\122\035\131\313\122\006\122\162\124\214\150\007\154\350}{section.3.2}% 18
\BOOKMARK [2][-]{subsection.3.2.2}{\376\377\000\063\000\056\000\062\000\056\000\062\000\040\127\372\116\216\123\167\171\357\171\136\176\317\177\121\176\334\152\041\127\213\166\204\147\204\136\372\124\214\145\207\147\054\127\127\166\204\150\007\154\350}{section.3.2}% 19
\BOOKMARK [2][-]{subsection.3.2.3}{\376\377\000\063\000\056\000\062\000\056\000\063\000\040\217\223\121\145\145\207\147\054\166\204\215\052\132\152\137\017\151\202\163\207\150\007\154\350}{section.3.2}% 20
\BOOKMARK [2][-]{subsection.3.2.4}{\376\377\000\063\000\056\000\062\000\056\000\064\000\040\127\372\116\216\136\217\122\027\124\214\117\115\177\156\166\204\176\323\147\234\117\356\153\143}{section.3.2}% 21
\BOOKMARK [1][-]{section.3.3}{\376\377\000\063\000\056\000\063\000\040\133\236\232\214\176\323\147\234\116\016\122\006\147\220}{chapter.3}% 22
\BOOKMARK [2][-]{subsection.3.3.1}{\376\377\000\063\000\056\000\063\000\056\000\061\000\040\145\160\143\156\226\306\124\214\213\304\116\367\150\007\121\306}{section.3.3}% 23
\BOOKMARK [2][-]{subsection.3.3.2}{\376\377\000\063\000\056\000\063\000\056\000\062\000\040\123\302\145\160\166\204\213\276\133\232}{section.3.3}% 24
\BOOKMARK [2][-]{subsection.3.3.3}{\376\377\000\063\000\056\000\063\000\056\000\063\000\040\116\016\121\166\116\326\145\271\154\325\166\204\153\324\217\203}{section.3.3}% 25
\BOOKMARK [2][-]{subsection.3.3.4}{\376\377\000\063\000\056\000\063\000\056\000\064\000\040\000\102\000\120\000\123\000\115\145\110\147\234\166\204\232\214\213\301}{section.3.3}% 26
\BOOKMARK [1][-]{section.3.4}{\376\377\000\063\000\056\000\064\000\040\147\054\172\340\134\017\176\323}{chapter.3}% 27
\BOOKMARK [0][-]{chapter.4}{\376\377\173\054\126\333\172\340\000\040\000\040\174\373\176\337\166\204\133\236\163\260\116\016\134\125\171\072}{}% 28
\BOOKMARK [1][-]{section.4.1}{\376\377\000\064\000\056\000\061\000\040\000\103\000\116\000\116\152\041\127\213\147\204\136\372\176\306\202\202}{chapter.4}% 29
\BOOKMARK [1][-]{section.4.2}{\376\377\000\064\000\056\000\062\000\040\174\373\176\337\147\266\147\204\123\312\134\125\171\072}{chapter.4}% 30
\BOOKMARK [1][-]{section.4.3}{\376\377\000\064\000\056\000\063\000\040\147\054\172\340\134\017\176\323}{chapter.4}% 31
\BOOKMARK [0][-]{chapter.5}{\376\377\173\054\116\224\172\340\000\040\000\040\140\073\176\323\116\016\134\125\147\033}{}% 32
\BOOKMARK [1][-]{section.5.1}{\376\377\000\065\000\056\000\061\000\040\121\150\145\207\140\073\176\323}{chapter.5}% 33
\BOOKMARK [1][-]{section.5.2}{\376\377\000\065\000\056\000\062\000\040\135\345\117\134\134\125\147\033}{chapter.5}% 34
\BOOKMARK [0][-]{chapter*.4}{\376\377\123\302\200\003\145\207\163\056}{}% 35
\BOOKMARK [0][-]{chapter*.5}{\376\377\145\073\213\373\170\125\130\353\133\146\117\115\147\037\225\364\123\321\210\150\166\204\213\272\145\207}{}% 36
\BOOKMARK [0][-]{chapter*.6}{\376\377\201\364\000\040\000\040\214\042}{}% 37
