This is pdfTeX, Version 3.1415926-2.3-1.40.12 (MiKTeX 2.9) (preloaded format=pdflatex 2018.3.5)  9 MAR 2018 22:05
entering extended mode
**main.tex
("D:\毕业相关\graduation thesis\main\main.tex"
LaTeX2e <2011/06/27>
Babel <v3.8m> and hyphenation patterns for loaded.
("D:\毕业相关\graduation thesis\main\SUDAthesis.cls"
Document Class: SUDAthesis 2005/10/11 v0.1e CASthesis document class
(D:\JobSoftware\CTEX\MiKTeX\tex\latex\ctex\ctexbook.cls
Document Class: ctexbook 2011/03/11 v1.02c ctexbook document class
(D:\JobSoftware\CTEX\MiKTeX\tex\latex\ctex\opt\ctex-common-opts.def)
(D:\JobSoftware\CTEX\MiKTeX\tex\latex\ctex\opt\ctex-caption-opts.def
\c@CTEX@sectiondepth=\count79
)
(D:\JobSoftware\CTEX\MiKTeX\tex\latex\ctex\opt\ctex-class-opts.def)
(D:\JobSoftware\CTEX\CTeX\tex\latex\ctex\cfg\ctexopts.cfg)
(D:\JobSoftware\CTEX\MiKTeX\tex\latex\ctex\def\ctex-loadclass.def
(D:\JobSoftware\CTEX\MiKTeX\tex\latex\base\book.cls
Document Class: book 2007/10/19 v1.4h Standard LaTeX document class
(D:\JobSoftware\CTEX\MiKTeX\tex\latex\base\bk12.clo
File: bk12.clo 2007/10/19 v1.4h Standard LaTeX file (size option)
)
\c@part=\count80
\c@chapter=\count81
\c@section=\count82
\c@subsection=\count83
\c@subsubsection=\count84
\c@paragraph=\count85
\c@subparagraph=\count86
\c@figure=\count87
\c@table=\count88
\abovecaptionskip=\skip41
\belowcaptionskip=\skip42
\bibindent=\dimen102
))
(D:\JobSoftware\CTEX\MiKTeX\tex\latex\ctex\def\ctex-common.def
(D:\JobSoftware\CTEX\MiKTeX\tex\latex\l3kernel\expl3.sty
(D:\JobSoftware\CTEX\MiKTeX\tex\latex\l3kernel\l3names.sty
(D:\JobSoftware\CTEX\MiKTeX\tex\latex\l3kernel\l3bootstrap.sty
Package: l3bootstrap 2011/12/29 v3110 L3 Experimental bootstrap code
)
Package: l3names 2011/12/30 v3113 L3 Experimental namespace for primitives
)
(D:\JobSoftware\CTEX\MiKTeX\tex\latex\misc\etex.sty
Package: etex 1998/03/26 v2.0 eTeX basic definition package (PEB)
\et@xins=\count89
)
Package: expl3 2012/02/26 v3471 L3 Experimental code bundle wrapper

(D:\JobSoftware\CTEX\MiKTeX\tex\latex\graphics\color.sty
Package: color 2005/11/14 v1.0j Standard LaTeX Color (DPC)

(D:\JobSoftware\CTEX\MiKTeX\tex\latex\00miktex\color.cfg
File: color.cfg 2007/01/18 v1.5 color configuration of teTeX/TeXLive
)
Package color Info: Driver file: pdftex.def on input line 130.

(D:\JobSoftware\CTEX\MiKTeX\tex\latex\pdftex-def\pdftex.def
File: pdftex.def 2011/05/27 v0.06d Graphics/color for pdfTeX

(D:\JobSoftware\CTEX\MiKTeX\tex\generic\oberdiek\infwarerr.sty
Package: infwarerr 2010/04/08 v1.3 Providing info/warning/message (HO)
)
(D:\JobSoftware\CTEX\MiKTeX\tex\generic\oberdiek\ltxcmds.sty
Package: ltxcmds 2011/04/18 v1.20 LaTeX kernel commands for general use (HO)
)
\Gread@gobject=\count90
))
(D:\JobSoftware\CTEX\MiKTeX\tex\latex\graphics\graphics.sty
Package: graphics 2009/02/05 v1.0o Standard LaTeX Graphics (DPC,SPQR)

(D:\JobSoftware\CTEX\MiKTeX\tex\latex\graphics\trig.sty
Package: trig 1999/03/16 v1.09 sin cos tan (DPC)
)
(D:\JobSoftware\CTEX\MiKTeX\tex\latex\00miktex\graphics.cfg
File: graphics.cfg 2007/01/18 v1.5 graphics configuration of teTeX/TeXLive
)
Package graphics Info: Driver file: pdftex.def on input line 91.
)
(D:\JobSoftware\CTEX\MiKTeX\tex\latex\l3kernel\l3basics.sty
Package: l3basics 2012/02/26 v3460 L3 Experimental basic definitions
)
(D:\JobSoftware\CTEX\MiKTeX\tex\latex\l3kernel\l3expan.sty
Package: l3expan 2012/02/26 v3460 L3 Experimental argument expansion
)
(D:\JobSoftware\CTEX\MiKTeX\tex\latex\l3kernel\l3tl.sty
Package: l3tl 2012/02/26 v3460 L3 Experimental token lists
)
(D:\JobSoftware\CTEX\MiKTeX\tex\latex\l3kernel\l3seq.sty
Package: l3seq 2012/01/09 v3158 L3 Experimental sequences and stacks
)
(D:\JobSoftware\CTEX\MiKTeX\tex\latex\l3kernel\l3int.sty
Package: l3int 2012/02/26 v3460 L3 Experimental integers
\c_max_int=\count91
\l_tmpa_int=\count92
\l_tmpb_int=\count93
\l_tmpc_int=\count94
\g_tmpa_int=\count95
\g_tmpb_int=\count96
)
(D:\JobSoftware\CTEX\MiKTeX\tex\latex\l3kernel\l3quark.sty
Package: l3quark 2012/02/12 v3384 L3 Experimental quarks
)
(D:\JobSoftware\CTEX\MiKTeX\tex\latex\l3kernel\l3prg.sty
Package: l3prg 2012/02/26 v3464 L3 Experimental control structures
\g_prg_map_int=\count97
)
(D:\JobSoftware\CTEX\MiKTeX\tex\latex\l3kernel\l3clist.sty
Package: l3clist 2012/02/26 v3460 L3 Experimental comma separated lists
)
(D:\JobSoftware\CTEX\MiKTeX\tex\latex\l3kernel\l3token.sty
Package: l3token 2012/02/26 v3460 L3 Experimental token manipulation
)
(D:\JobSoftware\CTEX\MiKTeX\tex\latex\l3kernel\l3prop.sty
Package: l3prop 2012/02/26 v3460 L3 Experimental property lists
)
(D:\JobSoftware\CTEX\MiKTeX\tex\latex\l3kernel\l3msg.sty
Package: l3msg 2012/02/26 v3470 L3 Experimental messages
)
(D:\JobSoftware\CTEX\MiKTeX\tex\latex\l3kernel\l3file.sty
Package: l3file 2012/02/26 v3464 L3 Experimental file and I/O operations
\l_iow_stream_int=\count98
\l_iow_line_length_int=\count99
\l_iow_target_length_int=\count100
\l_iow_current_line_int=\count101
\l_iow_current_word_int=\count102
\l_iow_current_indentation_int=\count103
)
(D:\JobSoftware\CTEX\MiKTeX\tex\latex\l3kernel\l3skip.sty
Package: l3skip 2012/02/26 v3460 L3 Experimental dimensions and skips
\l_tmpa_dim=\dimen103
\l_tmpb_dim=\dimen104
\l_tmpc_dim=\dimen105
\g_tmpa_dim=\dimen106
\g_tmpb_dim=\dimen107
\l_tmpa_skip=\skip43
\l_tmpb_skip=\skip44
\l_tmpc_skip=\skip45
\g_tmpa_skip=\skip46
\g_tmpb_skip=\skip47
)
(D:\JobSoftware\CTEX\MiKTeX\tex\latex\l3kernel\l3keys.sty
Package: l3keys 2011/12/22 v3086 L3 Experimental key-value interfaces
\g_keyval_level_int=\count104
\l_keys_choice_int=\count105
)
(D:\JobSoftware\CTEX\MiKTeX\tex\latex\l3kernel\l3fp.sty
Package: l3fp 2012/02/06 v3315 L3 Experimental floating-point operations
\c_one_million=\count106
\c_one_hundred_million=\count107
\c_five_hundred_million=\count108
\c_one_thousand_million=\count109
\c_fp_pi_by_four_decimal_int=\count110
\c_fp_pi_by_four_extended_int=\count111
\c_fp_pi_decimal_int=\count112
\c_fp_pi_extended_int=\count113
\c_fp_two_pi_decimal_int=\count114
\c_fp_two_pi_extended_int=\count115
\l_fp_count_int=\count116
\l_fp_div_offset_int=\count117
\l_fp_exp_integer_int=\count118
\l_fp_exp_decimal_int=\count119
\l_fp_exp_extended_int=\count120
\l_fp_exp_exponent_int=\count121
\l_fp_input_a_sign_int=\count122
\l_fp_input_a_integer_int=\count123
\l_fp_input_a_decimal_int=\count124
\l_fp_input_a_exponent_int=\count125
\l_fp_input_b_sign_int=\count126
\l_fp_input_b_integer_int=\count127
\l_fp_input_b_decimal_int=\count128
\l_fp_input_b_exponent_int=\count129
\l_fp_input_a_extended_int=\count130
\l_fp_input_b_extended_int=\count131
\l_fp_mul_a_i_int=\count132
\l_fp_mul_a_ii_int=\count133
\l_fp_mul_a_iii_int=\count134
\l_fp_mul_a_iv_int=\count135
\l_fp_mul_a_v_int=\count136
\l_fp_mul_a_vi_int=\count137
\l_fp_mul_b_i_int=\count138
\l_fp_mul_b_ii_int=\count139
\l_fp_mul_b_iii_int=\count140
\l_fp_mul_b_iv_int=\count141
\l_fp_mul_b_v_int=\count142
\l_fp_mul_b_vi_int=\count143
\l_fp_mul_output_int=\count144
\l_fp_output_sign_int=\count145
\l_fp_output_integer_int=\count146
\l_fp_output_decimal_int=\count147
\l_fp_output_exponent_int=\count148
\l_fp_output_extended_int=\count149
\l_fp_round_position_int=\count150
\l_fp_round_target_int=\count151
\l_fp_split_sign_int=\count152
\l_fp_internal_int=\count153
\l_fp_trig_octant_int=\count154
\l_fp_trig_sign_int=\count155
\l_fp_trig_decimal_int=\count156
\l_fp_trig_extended_int=\count157
\l_fp_internal_dim=\dimen108
\l_fp_internal_skip=\skip48
)
(D:\JobSoftware\CTEX\MiKTeX\tex\latex\l3kernel\l3box.sty
Package: l3box 2012/02/18 v3432 L3 Experimental boxes
\l_tmpb_box=\box26
\l_box_top_dim=\dimen109
\l_box_bottom_dim=\dimen110
\l_box_left_dim=\dimen111
\l_box_right_dim=\dimen112
\l_box_top_new_dim=\dimen113
\l_box_bottom_new_dim=\dimen114
\l_box_left_new_dim=\dimen115
\l_box_right_new_dim=\dimen116
\l_box_internal_box=\box27
)
(D:\JobSoftware\CTEX\MiKTeX\tex\latex\l3kernel\l3coffins.sty
Package: l3coffins 2012/02/26 v3460 L3 Experimental coffin code layer
\l_coffin_internal_box=\box28
\l_coffin_internal_dim=\dimen117
\l_coffin_offset_x_dim=\dimen118
\l_coffin_offset_y_dim=\dimen119
\l_coffin_x_dim=\dimen120
\l_coffin_y_dim=\dimen121
\l_coffin_x_prime_dim=\dimen122
\l_coffin_y_prime_dim=\dimen123
\l_coffin_Depth_dim=\dimen124
\l_coffin_Height_dim=\dimen125
\l_coffin_TotalHeight_dim=\dimen126
\l_coffin_Width_dim=\dimen127
\c_empty_coffin=\box29
\l_coffin_aligned_coffin=\box30
\l_coffin_aligned_internal_coffin=\box31
\l_coffin_bounding_shift_dim=\dimen128
\l_coffin_left_corner_dim=\dimen129
\l_coffin_right_corner_dim=\dimen130
\l_coffin_bottom_corner_dim=\dimen131
\l_coffin_top_corner_dim=\dimen132
\l_coffin_scaled_total_height_dim=\dimen133
\l_coffin_scaled_width_dim=\dimen134
\l_coffin_display_coffin=\box32
\l_coffin_display_coord_coffin=\box33
\l_coffin_display_pole_coffin=\box34
\l_coffin_display_offset_dim=\dimen135
\l_coffin_display_x_dim=\dimen136
\l_coffin_display_y_dim=\dimen137
)
(D:\JobSoftware\CTEX\MiKTeX\tex\latex\l3kernel\l3color.sty
Package: l3color 2011/09/07 v2776 L3 Experimental colour support
)
(D:\JobSoftware\CTEX\MiKTeX\tex\latex\l3kernel\l3luatex.sty
Package: l3luatex 2012/02/09 v3355 L3 Experimental LuaTeX-specific functions
\g_cctab_allocate_int=\count158
\g_cctab_stack_int=\count159
))
(D:\JobSoftware\CTEX\MiKTeX\tex\latex\etoolbox\etoolbox.sty
Package: etoolbox 2011/01/03 v2.1 e-TeX tools for LaTeX
\etb@tempcnta=\count160
)
(D:\JobSoftware\CTEX\MiKTeX\tex\generic\oberdiek\ifpdf.sty
Package: ifpdf 2011/01/30 v2.3 Provides the ifpdf switch (HO)
Package ifpdf Info: pdfTeX in PDF mode is detected.
)
(D:\JobSoftware\CTEX\MiKTeX\tex\generic\ifxetex\ifxetex.sty
Package: ifxetex 2010/09/12 v0.6 Provides ifxetex conditional
)
(D:\JobSoftware\CTEX\MiKTeX\tex\latex\graphics\keyval.sty
Package: keyval 1999/03/16 v1.13 key=value parser (DPC)
\KV@toks@=\toks14
)
(D:\JobSoftware\CTEX\MiKTeX\tex\latex\tools\indentfirst.sty
Package: indentfirst 1995/11/23 v1.03 Indent first paragraph (DPC)
)
(D:\JobSoftware\CTEX\MiKTeX\tex\latex\base\fix-cm.sty
Package: fix-cm 2006/09/13 v1.1m fixes to LaTeX

(D:\JobSoftware\CTEX\MiKTeX\tex\latex\base\ts1enc.def
File: ts1enc.def 2001/06/05 v3.0e (jk/car/fm) Standard LaTeX file
))
(D:\JobSoftware\CTEX\MiKTeX\tex\latex\fancyhdr\fancyhdr.sty
\fancy@headwidth=\skip49
\f@ncyO@elh=\skip50
\f@ncyO@erh=\skip51
\f@ncyO@olh=\skip52
\f@ncyO@orh=\skip53
\f@ncyO@elf=\skip54
\f@ncyO@erf=\skip55
\f@ncyO@olf=\skip56
\f@ncyO@orf=\skip57
)
(D:\JobSoftware\CTEX\MiKTeX\tex\latex\ctex\engine\ctex-cjk-engine.def
(D:\JobSoftware\CTEX\MiKTeX\tex\latex\cjk\CJK.sty
Package: CJK 2008/12/29 4.8.2

(D:\JobSoftware\CTEX\MiKTeX\tex\latex\cjk\mule\MULEenc.sty
Package: MULEenc 2008/12/29 4.8.2
)
(D:\JobSoftware\CTEX\MiKTeX\tex\latex\cjk\CJK.enc
File: CJK.enc 2008/12/29 4.8.2
)
LaTeX Info: Redefining \selectfont on input line 756.
\CJK@indent=\box35
)
(D:\JobSoftware\CTEX\CTeX\tex\latex\CJKpunct\CJKpunct.sty
Package: CJKpunct 2010/02/21 4.8.2-2
\CJKpunct@cnta=\count161
\CJKpunct@cntb=\count162
\CJKpunct@cntc=\count163
\CJKpunct@cntd=\count164
\CJKpunct@cnte=\count165

(D:\JobSoftware\CTEX\CTeX\tex\latex\CJKpunct\CJKpunct.spa))
(D:\JobSoftware\CTEX\MiKTeX\tex\latex\ctex\engine\ctex-cjk-common.def
\ccwd=\dimen138
)
(D:\JobSoftware\CTEX\MiKTeX\tex\latex\ctex\fontset\ctex-cjk-winfonts.def
(D:\JobSoftware\CTEX\MiKTeX\tex\generic\zhmetrics\zhwinfonts.tex
(D:\JobSoftware\CTEX\MiKTeX\tex\generic\oberdiek\ifpdf.sty
Package ifpdf Info: The package is already loaded, stopped on input line 64.
){D:/JobSoftware/CTEX/UserData/pdftex/config/pdftex.map{Unicode.sfd}{UGBK.sfd}}
)))
\CTEX@q=\count166
\CTEX@r=\count167
)
(D:\JobSoftware\CTEX\MiKTeX\tex\latex\ctex\def\ctex-caption.def)
(D:\JobSoftware\CTEX\MiKTeX\tex\latex\ctex\def\ctex-class.def)
(D:\JobSoftware\CTEX\MiKTeX\tex\latex\ctex\def\ctex-book.def))
(D:\JobSoftware\CTEX\MiKTeX\tex\latex\ctex\def\ctex-gbk.def)
(D:\JobSoftware\CTEX\MiKTeX\tex\latex\ctex\cfg\ctexcap.cfg
(D:\JobSoftware\CTEX\MiKTeX\tex\latex\ctex\cfg\ctexcap-gbk.cfg))
(D:\JobSoftware\CTEX\MiKTeX\tex\latex\ctex\cfg\ctex.cfg)
(D:\JobSoftware\CTEX\MiKTeX\tex\latex\ams\math\amsmath.sty
Package: amsmath 2000/07/18 v2.13 AMS math features
\@mathmargin=\skip58

For additional information on amsmath, use the `?' option.
(D:\JobSoftware\CTEX\MiKTeX\tex\latex\ams\math\amstext.sty
Package: amstext 2000/06/29 v2.01

(D:\JobSoftware\CTEX\MiKTeX\tex\latex\ams\math\amsgen.sty
File: amsgen.sty 1999/11/30 v2.0
\@emptytoks=\toks15
\ex@=\dimen139
))
(D:\JobSoftware\CTEX\MiKTeX\tex\latex\ams\math\amsbsy.sty
Package: amsbsy 1999/11/29 v1.2d
\pmbraise@=\dimen140
)
(D:\JobSoftware\CTEX\MiKTeX\tex\latex\ams\math\amsopn.sty
Package: amsopn 1999/12/14 v2.01 operator names
)
\inf@bad=\count168
LaTeX Info: Redefining \frac on input line 211.
\uproot@=\count169
\leftroot@=\count170
LaTeX Info: Redefining \overline on input line 307.
\classnum@=\count171
\DOTSCASE@=\count172
LaTeX Info: Redefining \ldots on input line 379.
LaTeX Info: Redefining \dots on input line 382.
LaTeX Info: Redefining \cdots on input line 467.
\Mathstrutbox@=\box36
\strutbox@=\box37
\big@size=\dimen141
LaTeX Font Info:    Redeclaring font encoding OML on input line 567.
LaTeX Font Info:    Redeclaring font encoding OMS on input line 568.
\macc@depth=\count173
\c@MaxMatrixCols=\count174
\dotsspace@=\muskip10
\c@parentequation=\count175
\dspbrk@lvl=\count176
\tag@help=\toks16
\row@=\count177
\column@=\count178
\maxfields@=\count179
\andhelp@=\toks17
\eqnshift@=\dimen142
\alignsep@=\dimen143
\tagshift@=\dimen144
\tagwidth@=\dimen145
\totwidth@=\dimen146
\lineht@=\dimen147
\@envbody=\toks18
\multlinegap=\skip59
\multlinetaggap=\skip60
\mathdisplay@stack=\toks19
LaTeX Info: Redefining \[ on input line 2666.
LaTeX Info: Redefining \] on input line 2667.
)
(D:\JobSoftware\CTEX\MiKTeX\tex\latex\ams\classes\amsthm.sty
Package: amsthm 2004/08/06 v2.20
\thm@style=\toks20
\thm@bodyfont=\toks21
\thm@headfont=\toks22
\thm@notefont=\toks23
\thm@headpunct=\toks24
\thm@preskip=\skip61
\thm@postskip=\skip62
\thm@headsep=\skip63
\dth@everypar=\toks25
)
(D:\JobSoftware\CTEX\MiKTeX\tex\latex\amsfonts\amsfonts.sty
Package: amsfonts 2009/06/22 v3.00 Basic AMSFonts support
\symAMSa=\mathgroup4
\symAMSb=\mathgroup5
LaTeX Font Info:    Overwriting math alphabet `\mathfrak' in version `bold'
(Font)                  U/euf/m/n --> U/euf/b/n on input line 96.
)
(D:\JobSoftware\CTEX\MiKTeX\tex\latex\amsfonts\amssymb.sty
Package: amssymb 2009/06/22 v3.00
)
(D:\JobSoftware\CTEX\MiKTeX\tex\latex\tools\bm.sty
Package: bm 2004/02/26 v1.1c Bold Symbol Support (DPC/FMi)
\symboldoperators=\mathgroup6
\symboldletters=\mathgroup7
\symboldsymbols=\mathgroup8
LaTeX Font Info:    Redeclaring math alphabet \mathbf on input line 138.
LaTeX Info: Redefining \bm on input line 204.
)
(D:\JobSoftware\CTEX\MiKTeX\tex\latex\graphics\graphicx.sty
Package: graphicx 1999/02/16 v1.0f Enhanced LaTeX Graphics (DPC,SPQR)
\Gin@req@height=\dimen148
\Gin@req@width=\dimen149
)
(D:\JobSoftware\CTEX\MiKTeX\tex\latex\psfrag\psfrag.sty
Package: psfrag 1998/04/11 v3.04 PSfrag (MCG)
\pfg@pcount=\count180
\pfg@scount=\count181
\pfg@temp=\write3
)
(D:\JobSoftware\CTEX\MiKTeX\tex\latex\hyperref\hyperref.sty
Package: hyperref 2012/02/06 v6.82o Hypertext links for LaTeX

(D:\JobSoftware\CTEX\MiKTeX\tex\generic\oberdiek\hobsub-hyperref.sty
Package: hobsub-hyperref 2011/04/23 v1.4 Bundle oberdiek, subset hyperref (HO)

(D:\JobSoftware\CTEX\MiKTeX\tex\generic\oberdiek\hobsub-generic.sty
Package: hobsub-generic 2011/04/23 v1.4 Bundle oberdiek, subset generic (HO)
Package: hobsub 2011/04/23 v1.4 Subsetting bundle oberdiek (HO)
Package hobsub Info: Skipping package `infwarerr' (already loaded).
Package hobsub Info: Skipping package `ltxcmds' (already loaded).
Package: ifluatex 2010/03/01 v1.3 Provides the ifluatex switch (HO)
Package ifluatex Info: LuaTeX not detected.
Package: ifvtex 2010/03/01 v1.5 Switches for detecting VTeX and its modes (HO)
Package ifvtex Info: VTeX not detected.
Package: intcalc 2007/09/27 v1.1 Expandable integer calculations (HO)
Package hobsub Info: Skipping package `ifpdf' (already loaded).
Package: etexcmds 2011/02/16 v1.5 Prefix for e-TeX command names (HO)
Package etexcmds Info: Could not find \expanded.
(etexcmds)             That can mean that you are not using pdfTeX 1.50 or
(etexcmds)             that some package has redefined \expanded.
(etexcmds)             In the latter case, load this package earlier.
Package: kvsetkeys 2011/04/07 v1.13 Key value parser (HO)
Package: kvdefinekeys 2011/04/07 v1.3 Defining keys (HO)
Package: pdftexcmds 2011/04/22 v0.16 Utilities of pdfTeX for LuaTeX (HO)
Package pdftexcmds Info: LuaTeX not detected.
Package pdftexcmds Info: \pdf@primitive is available.
Package pdftexcmds Info: \pdf@ifprimitive is available.
Package pdftexcmds Info: \pdfdraftmode found.
Package: pdfescape 2011/04/04 v1.12 Provides string conversions (HO)
Package: bigintcalc 2011/01/30 v1.2 Expandable big integer calculations (HO)
Package: bitset 2011/01/30 v1.1 Data type bit set (HO)
Package: uniquecounter 2011/01/30 v1.2 Provides unlimited unique counter (HO)
)
Package hobsub Info: Skipping package `hobsub' (already loaded).
Package: letltxmacro 2010/09/02 v1.4 Let assignment for LaTeX macros (HO)
Package: hopatch 2011/01/30 v1.0 Wrapper for package hooks (HO)
Package: xcolor-patch 2011/01/30 xcolor patch
Package: atveryend 2011/04/23 v1.7 Hooks at very end of document (HO)
Package: atbegshi 2011/01/30 v1.15 At begin shipout hook (HO)
Package: refcount 2010/12/01 v3.2 Data extraction from references (HO)
Package: hycolor 2011/01/30 v1.7 Color options of hyperref/bookmark (HO)
)
(D:\JobSoftware\CTEX\MiKTeX\tex\latex\oberdiek\kvoptions.sty
Package: kvoptions 2010/12/23 v3.10 Keyval support for LaTeX options (HO)
)
\@linkdim=\dimen150
\Hy@linkcounter=\count182
\Hy@pagecounter=\count183

(D:\JobSoftware\CTEX\MiKTeX\tex\latex\hyperref\pd1enc.def
File: pd1enc.def 2012/02/06 v6.82o Hyperref: PDFDocEncoding definition (HO)
)
\Hy@SavedSpaceFactor=\count184

(D:\JobSoftware\CTEX\MiKTeX\tex\latex\00miktex\hyperref.cfg
File: hyperref.cfg 2002/06/06 v1.2 hyperref configuration of TeXLive
)
Package hyperref Info: Option `plainpages' set `false' on input line 3925.
Package hyperref Info: Hyper figures OFF on input line 4046.
Package hyperref Info: Link nesting OFF on input line 4051.
Package hyperref Info: Hyper index ON on input line 4054.
Package hyperref Info: Plain pages OFF on input line 4061.
Package hyperref Info: Backreferencing OFF on input line 4066.
Package hyperref Info: Implicit mode ON; LaTeX internals redefined.
Package hyperref Info: Bookmarks ON on input line 4284.
\c@Hy@tempcnt=\count185

(D:\JobSoftware\CTEX\MiKTeX\tex\latex\ltxmisc\url.sty
\Urlmuskip=\muskip11
Package: url 2006/04/12  ver 3.3  Verb mode for urls, etc.
)
LaTeX Info: Redefining \url on input line 4637.
\Fld@menulength=\count186
\Field@Width=\dimen151
\Fld@charsize=\dimen152
Package hyperref Info: Hyper figures OFF on input line 5757.
Package hyperref Info: Link nesting OFF on input line 5762.
Package hyperref Info: Hyper index ON on input line 5765.
Package hyperref Info: backreferencing OFF on input line 5772.
Package hyperref Info: Link coloring OFF on input line 5777.
Package hyperref Info: Link coloring with OCG OFF on input line 5782.
Package hyperref Info: PDF/A mode OFF on input line 5787.
LaTeX Info: Redefining \ref on input line 5827.
LaTeX Info: Redefining \pageref on input line 5831.
\Hy@abspage=\count187
\c@Item=\count188
\c@Hfootnote=\count189
)

Package hyperref Message: Driver: hpdftex.

(D:\JobSoftware\CTEX\MiKTeX\tex\latex\hyperref\hpdftex.def
File: hpdftex.def 2012/02/06 v6.82o Hyperref driver for pdfTeX
\Fld@listcount=\count190
\c@bookmark@seq@number=\count191

(D:\JobSoftware\CTEX\MiKTeX\tex\latex\oberdiek\rerunfilecheck.sty
Package: rerunfilecheck 2011/04/15 v1.7 Rerun checks for auxiliary files (HO)
Package uniquecounter Info: New unique counter `rerunfilecheck' on input line 2
82.
)
\Hy@SectionHShift=\skip64
)
Package hyperref Info: Option `CJKbookmarks' set `true' on input line 95.
Package hyperref Info: Option `bookmarksnumbered' set `true' on input line 95.
Package hyperref Info: Option `colorlinks' set `true' on input line 95.
Package hyperref Info: Option `plainpages' set `false' on input line 95.
)
(D:\JobSoftware\CTEX\MiKTeX\tex\latex\cite\cite.sty
LaTeX Info: Redefining \cite on input line 302.
LaTeX Info: Redefining \nocite on input line 373.
Package: cite 2010/09/10  v 5.3
)
(D:\JobSoftware\CTEX\MiKTeX\tex\latex\pdfpages\pdfpages.sty
Package: pdfpages 2011/03/10 v0.4n Insert pages of external PDF documents (AM)

(D:\JobSoftware\CTEX\MiKTeX\tex\latex\base\ifthen.sty
Package: ifthen 2001/05/26 v1.1c Standard LaTeX ifthen package (DPC)
)
(D:\JobSoftware\CTEX\MiKTeX\tex\latex\tools\calc.sty
Package: calc 2007/08/22 v4.3 Infix arithmetic (KKT,FJ)
\calc@Acount=\count192
\calc@Bcount=\count193
\calc@Adimen=\dimen153
\calc@Bdimen=\dimen154
\calc@Askip=\skip65
\calc@Bskip=\skip66
LaTeX Info: Redefining \setlength on input line 76.
LaTeX Info: Redefining \addtolength on input line 77.
\calc@Ccount=\count194
\calc@Cskip=\skip67
)
(D:\JobSoftware\CTEX\MiKTeX\tex\latex\eso-pic\eso-pic.sty
Package: eso-pic 2010/10/06 v2.0c eso-pic (RN)
)
(D:\JobSoftware\CTEX\MiKTeX\tex\latex\pdfpages\pppdftex.def
File: pppdftex.def 2011/03/10 v0.4n Pdfpages driver for pdfTeX (AM)
)
\AM@pagebox=\box38
\AM@toc@title=\toks26
\c@AM@survey=\count195
\AM@templatesizebox=\box39
)
(D:\JobSoftware\CTEX\MiKTeX\tex\latex\tools\tabularx.sty
Package: tabularx 1999/01/07 v2.07 `tabularx' package (DPC)

(D:\JobSoftware\CTEX\MiKTeX\tex\latex\tools\array.sty
Package: array 2008/09/09 v2.4c Tabular extension package (FMi)
\col@sep=\dimen155
\extrarowheight=\dimen156
\NC@list=\toks27
\extratabsurround=\skip68
\backup@length=\skip69
)
\TX@col@width=\dimen157
\TX@old@table=\dimen158
\TX@old@col=\dimen159
\TX@target=\dimen160
\TX@delta=\dimen161
\TX@cols=\count196
\TX@ftn=\toks28
)
(D:\JobSoftware\CTEX\MiKTeX\tex\latex\caption\caption2.sty
Package: caption2 2011/08/12 v2.2d Customising captions (AR)


Package caption2 Warning: ****************************************************
(caption2)                THIS PACKAGE IS OBSOLETE:
(caption2)                This package attempts to provide an `caption2'
(caption2)                package v2.0/2.1 author environment so that OLD
(caption2)                documents can be successfully processed. It should
(caption2)                NOT be used for NEW documents! New documents should
(caption2)                use the regular `caption' package v3.x instead.
(caption2)                ****************************************************

(D:\JobSoftware\CTEX\MiKTeX\tex\latex\caption\caption3.sty
Package: caption3 2011/11/01 v1.4a caption3 kernel (AR)
\captionmargin=\dimen162
\captionmargin@=\dimen163
\captionwidth=\dimen164
\caption@indent=\dimen165
\caption@parindent=\dimen166
\caption@hangindent=\dimen167
Package caption Info: Unknown document class (or package),
(caption)             standard defaults will be used.
)
Package caption2 Info: Running in caption2 v2.0 compatibility mode on input lin
e 210.
\captionlinewidth=\dimen168
\realcaptionwidth=\dimen169
)
(D:\JobSoftware\CTEX\MiKTeX\tex\latex\listings\listings.sty
\lst@mode=\count197
\lst@gtempboxa=\box40
\lst@token=\toks29
\lst@length=\count198
\lst@currlwidth=\dimen170
\lst@column=\count199
\lst@pos=\count200
\lst@lostspace=\dimen171
\lst@width=\dimen172
\lst@newlines=\count201
Normal \count register pool exhausted, switching to extended pool.
\lst@lineno=\count277
\lst@maxwidth=\dimen173

(D:\JobSoftware\CTEX\MiKTeX\tex\latex\listings\lstmisc.sty
File: lstmisc.sty 2007/02/22 1.4 (Carsten Heinz)
\c@lstnumber=\count278
\lst@skipnumbers=\count279
\lst@framebox=\box41
)
(D:\JobSoftware\CTEX\MiKTeX\tex\latex\listings\listings.cfg
File: listings.cfg 2007/02/22 1.4 listings configuration
))
Package: listings 2007/02/22 1.4 (Carsten Heinz)

(D:\JobSoftware\CTEX\MiKTeX\tex\latex\tools\longtable.sty
Package: longtable 2004/02/01 v4.11 Multi-page Table package (DPC)
\LTleft=\skip70
\LTright=\skip71
\LTpre=\skip72
\LTpost=\skip73
\LTchunksize=\count280
\LTcapwidth=\dimen174
\LT@head=\box42
\LT@firsthead=\box43
\LT@foot=\box44
\LT@lastfoot=\box45
\LT@cols=\count281
\LT@rows=\count282
\c@LT@tables=\count283
\c@LT@chunks=\count284
\LT@p@ftn=\toks30
)
(D:\JobSoftware\CTEX\MiKTeX\tex\latex\colortbl\colortbl.sty
Package: colortbl 2001/02/13 v0.1j Color table columns (DPC)
\everycr=\toks31
\minrowclearance=\skip74
)
(D:\JobSoftware\CTEX\MiKTeX\tex\latex\multirow\multirow.sty
\bigstrutjot=\dimen175
)
(D:\JobSoftware\CTEX\MiKTeX\tex\latex\subfigure\subfigure.sty
Package: subfigure 2002/07/30 v2.1.4 subfigure package
\subfigtopskip=\skip75
\subfigcapskip=\skip76
\subfigcaptopadj=\dimen176
\subfigbottomskip=\skip77
\subfigcapmargin=\dimen177
\subfiglabelskip=\skip78
\c@subfigure=\count285
\c@lofdepth=\count286
\c@subtable=\count287
\c@lotdepth=\count288

****************************************
* Local config file subfigure.cfg used *
****************************************
(D:\JobSoftware\CTEX\MiKTeX\tex\latex\subfigure\subfigure.cfg)
\subfig@top=\skip79
\subfig@bottom=\skip80
)
(D:\JobSoftware\CTEX\MiKTeX\tex\latex\stmaryrd\stmaryrd.sty
Package: stmaryrd 1994/03/03 St Mary's Road symbol package
\symstmry=\mathgroup9
LaTeX Font Info:    Overwriting symbol font `stmry' in version `bold'
(Font)                  U/stmry/m/n --> U/stmry/b/n on input line 89.
)
(D:\JobSoftware\CTEX\MiKTeX\tex\latex\txfonts\txfonts.sty
Package: txfonts 2008/01/22 v3.2.1
LaTeX Font Info:    Redeclaring symbol font `operators' on input line 21.
LaTeX Font Info:    Overwriting symbol font `operators' in version `normal'
(Font)                  OT1/cmr/m/n --> OT1/txr/m/n on input line 21.
LaTeX Font Info:    Overwriting symbol font `operators' in version `bold'
(Font)                  OT1/cmr/bx/n --> OT1/txr/m/n on input line 21.
LaTeX Font Info:    Overwriting symbol font `operators' in version `bold'
(Font)                  OT1/txr/m/n --> OT1/txr/bx/n on input line 22.
\symitalic=\mathgroup10
LaTeX Font Info:    Overwriting symbol font `italic' in version `bold'
(Font)                  OT1/txr/m/it --> OT1/txr/bx/it on input line 26.
LaTeX Font Info:    Redeclaring math alphabet \mathbf on input line 29.
LaTeX Font Info:    Redeclaring math alphabet \mathit on input line 30.
LaTeX Font Info:    Overwriting math alphabet `\mathit' in version `normal'
(Font)                  OT1/cmr/m/it --> OT1/txr/m/it on input line 30.
LaTeX Font Info:    Overwriting math alphabet `\mathit' in version `bold'
(Font)                  OT1/cmr/bx/it --> OT1/txr/m/it on input line 30.
LaTeX Font Info:    Overwriting math alphabet `\mathit' in version `bold'
(Font)                  OT1/txr/m/it --> OT1/txr/bx/it on input line 31.
LaTeX Font Info:    Redeclaring math alphabet \mathsf on input line 40.
LaTeX Font Info:    Overwriting math alphabet `\mathsf' in version `normal'
(Font)                  OT1/cmss/m/n --> OT1/txss/m/n on input line 40.
LaTeX Font Info:    Overwriting math alphabet `\mathsf' in version `bold'
(Font)                  OT1/cmss/bx/n --> OT1/txss/m/n on input line 40.
LaTeX Font Info:    Overwriting math alphabet `\mathsf' in version `bold'
(Font)                  OT1/txss/m/n --> OT1/txss/b/n on input line 41.
LaTeX Font Info:    Redeclaring math alphabet \mathtt on input line 50.
LaTeX Font Info:    Overwriting math alphabet `\mathtt' in version `normal'
(Font)                  OT1/cmtt/m/n --> OT1/txtt/m/n on input line 50.
LaTeX Font Info:    Overwriting math alphabet `\mathtt' in version `bold'
(Font)                  OT1/cmtt/m/n --> OT1/txtt/m/n on input line 50.
LaTeX Font Info:    Overwriting math alphabet `\mathtt' in version `bold'
(Font)                  OT1/txtt/m/n --> OT1/txtt/b/n on input line 51.
LaTeX Font Info:    Redeclaring symbol font `letters' on input line 58.
LaTeX Font Info:    Overwriting symbol font `letters' in version `normal'
(Font)                  OML/cmm/m/it --> OML/txmi/m/it on input line 58.
LaTeX Font Info:    Overwriting symbol font `letters' in version `bold'
(Font)                  OML/cmm/b/it --> OML/txmi/m/it on input line 58.
LaTeX Font Info:    Overwriting symbol font `letters' in version `bold'
(Font)                  OML/txmi/m/it --> OML/txmi/bx/it on input line 59.
\symlettersA=\mathgroup11
LaTeX Font Info:    Overwriting symbol font `lettersA' in version `bold'
(Font)                  U/txmia/m/it --> U/txmia/bx/it on input line 67.
LaTeX Font Info:    Redeclaring math alphabet \mathfrak on input line 70.
LaTeX Font Info:    Redeclaring symbol font `symbols' on input line 77.
LaTeX Font Info:    Overwriting symbol font `symbols' in version `normal'
(Font)                  OMS/cmsy/m/n --> OMS/txsy/m/n on input line 77.
LaTeX Font Info:    Overwriting symbol font `symbols' in version `bold'
(Font)                  OMS/cmsy/b/n --> OMS/txsy/m/n on input line 77.
LaTeX Font Info:    Overwriting symbol font `symbols' in version `bold'
(Font)                  OMS/txsy/m/n --> OMS/txsy/bx/n on input line 78.
LaTeX Font Info:    Redeclaring symbol font `AMSa' on input line 93.
LaTeX Font Info:    Overwriting symbol font `AMSa' in version `normal'
(Font)                  U/msa/m/n --> U/txsya/m/n on input line 93.
LaTeX Font Info:    Overwriting symbol font `AMSa' in version `bold'
(Font)                  U/msa/m/n --> U/txsya/m/n on input line 93.
LaTeX Font Info:    Overwriting symbol font `AMSa' in version `bold'
(Font)                  U/txsya/m/n --> U/txsya/bx/n on input line 94.
LaTeX Font Info:    Redeclaring symbol font `AMSb' on input line 102.
LaTeX Font Info:    Overwriting symbol font `AMSb' in version `normal'
(Font)                  U/msb/m/n --> U/txsyb/m/n on input line 102.
LaTeX Font Info:    Overwriting symbol font `AMSb' in version `bold'
(Font)                  U/msb/m/n --> U/txsyb/m/n on input line 102.
LaTeX Font Info:    Overwriting symbol font `AMSb' in version `bold'
(Font)                  U/txsyb/m/n --> U/txsyb/bx/n on input line 103.
\symsymbolsC=\mathgroup12
LaTeX Font Info:    Overwriting symbol font `symbolsC' in version `bold'
(Font)                  U/txsyc/m/n --> U/txsyc/bx/n on input line 113.
LaTeX Font Info:    Redeclaring symbol font `largesymbols' on input line 120.
LaTeX Font Info:    Overwriting symbol font `largesymbols' in version `normal'
(Font)                  OMX/cmex/m/n --> OMX/txex/m/n on input line 120.
LaTeX Font Info:    Overwriting symbol font `largesymbols' in version `bold'
(Font)                  OMX/cmex/m/n --> OMX/txex/m/n on input line 120.
LaTeX Font Info:    Overwriting symbol font `largesymbols' in version `bold'
(Font)                  OMX/txex/m/n --> OMX/txex/bx/n on input line 121.
\symlargesymbolsA=\mathgroup13
LaTeX Font Info:    Overwriting symbol font `largesymbolsA' in version `bold'
(Font)                  U/txexa/m/n --> U/txexa/bx/n on input line 129.
LaTeX Info: Redefining \not on input line 1043.
LaTeX Info: Redefining \textsquare on input line 1063.
LaTeX Info: Redefining \openbox on input line 1064.
)
(D:\JobSoftware\CTEX\MiKTeX\tex\latex\jknappen\mathrsfs.sty
Package: mathrsfs 1996/01/01 Math RSFS package v1.0 (jk)
\symrsfs=\mathgroup14
)
(D:\JobSoftware\CTEX\MiKTeX\tex\latex\tools\enumerate.sty
Package: enumerate 1999/03/05 v3.00 enumerate extensions (DPC)
\@enLab=\toks32
)
(D:\JobSoftware\CTEX\CTeX\tex\latex\ccmap\ccmap.sty
Package: ccmap 2006/11/18
\CCT@hooka@@=\toks33
)
(D:\JobSoftware\CTEX\MiKTeX\tex\latex\oberdiek\epstopdf.sty
Package: epstopdf 2010/02/09 v2.5 Conversion with epstopdf on the fly (HO)

(D:\JobSoftware\CTEX\MiKTeX\tex\latex\oberdiek\epstopdf-base.sty
Package: epstopdf-base 2010/02/09 v2.5 Base part for package epstopdf

(D:\JobSoftware\CTEX\MiKTeX\tex\latex\oberdiek\grfext.sty
Package: grfext 2010/08/19 v1.1 Managing graphics extensions (HO)
)
Package grfext Info: Graphics extension search list:
(grfext)             [.png,.pdf,.jpg,.mps,.jpeg,.jbig2,.jb2,.PNG,.PDF,.JPG,.JPE
G,.JBIG2,.JB2,.eps]
(grfext)             \AppendGraphicsExtensions on input line 452.
))
(D:\JobSoftware\CTEX\MiKTeX\tex\latex\geometry\geometry.sty
Package: geometry 2010/09/12 v5.6 Page Geometry
\Gm@cnth=\count289
\Gm@cntv=\count290
\c@Gm@tempcnt=\count291
\Gm@bindingoffset=\dimen178
\Gm@wd@mp=\dimen179
\Gm@odd@mp=\dimen180
\Gm@even@mp=\dimen181
\Gm@layoutwidth=\dimen182
\Gm@layoutheight=\dimen183
\Gm@layouthoffset=\dimen184
\Gm@layoutvoffset=\dimen185
\Gm@dimlist=\toks34

(D:\JobSoftware\CTEX\MiKTeX\tex\latex\geometry\geometry.cfg))
(D:\JobSoftware\CTEX\MiKTeX\tex\latex\setspace\setspace.sty
Package: setspace 2011/12/19 v6.7a set line spacing
)
(D:\JobSoftware\CTEX\MiKTeX\tex\latex\algorithm2e\algorithm2e.sty
Package: algorithm2e 2008/00/00 v3.10 algorithms environments
\c@AlgoLine=\count292

(D:\JobSoftware\CTEX\MiKTeX\tex\latex\tools\xspace.sty
Package: xspace 2009/10/20 v1.13 Space after command names (DPC,MH)
)
(D:\JobSoftware\CTEX\MiKTeX\tex\latex\ltxmisc\relsize.sty
Package: relsize 2003/07/04 ver 3.1
)
********************************************************
Package `algorithm2e' Release 4.01 -- december 14 2009 --
- algorithm2e-announce@lirmm.fr mailing list for announcement about releases
- algorithm2e-discussion@lirmm.fr mailing list for discussion about package
subscribe by emailing sympa@lirmm.fr with 'subscribe <list> <firstname name>'
- Author: Christophe Fiorio (fiorio@lirmm.fr)
********************************************************
\skiptotal=\skip81
\skiplinenumber=\skip82
\skiprule=\skip83
\skiphlne=\skip84
\skiptext=\skip85
\skiplength=\skip86
\algomargin=\skip87
\skipalgocfslide=\skip88
\algowidth=\dimen186
\inoutsize=\dimen187
\inoutline=\dimen188
\interspacetitleruled=\dimen189
\interspacealgoruled=\dimen190
\interspacetitleboxruled=\dimen191
\algocf@inoutbox=\box46
\algocf@inputbox=\box47
\AlCapSkip=\skip89
\AlCapHSkip=\skip90
\algocf@nlbox=\box48
\algocf@hangingbox=\box49
\algocf@capbox=\box50
\algoheightruledefault=\skip91
\algoheightrule=\skip92
\algotitleheightruledefault=\skip93
\algotitleheightrule=\skip94
\c@algocfline=\count293
\c@algocfproc=\count294
\c@algocf=\count295
\algocf@algoframe=\box51
\algocf@algobox=\box52
) (D:\JobSoftware\CTEX\MiKTeX\tex\latex\xcolor\xcolor.sty
Package: xcolor 2007/01/21 v2.11 LaTeX color extensions (UK)

(D:\JobSoftware\CTEX\MiKTeX\tex\latex\00miktex\color.cfg
File: color.cfg 2007/01/18 v1.5 color configuration of teTeX/TeXLive
)
Package xcolor Info: Driver file: pdftex.def on input line 225.
LaTeX Info: Redefining \color on input line 702.
Package xcolor Info: Model `cmy' substituted by `cmy0' on input line 1337.
Package xcolor Info: Model `hsb' substituted by `rgb' on input line 1341.
Package xcolor Info: Model `RGB' extended on input line 1353.
Package xcolor Info: Model `HTML' substituted by `rgb' on input line 1355.
Package xcolor Info: Model `Hsb' substituted by `hsb' on input line 1356.
Package xcolor Info: Model `tHsb' substituted by `hsb' on input line 1357.
Package xcolor Info: Model `HSB' substituted by `hsb' on input line 1358.
Package xcolor Info: Model `Gray' substituted by `gray' on input line 1359.
Package xcolor Info: Model `wave' substituted by `hsb' on input line 1360.
)
(D:\JobSoftware\CTEX\MiKTeX\tex\latex\listings\lstlang1.sty
File: lstlang1.sty 2004/09/05 1.3 listings language file
)
("D:\毕业相关\graduation thesis\main\main.aux"

LaTeX Warning: Label `chap:chap03:fig:framework' multiply defined.

)
LaTeX Font Info:    Checking defaults for OML/txmi/m/it on input line 94.
LaTeX Font Info:    Try loading font information for OML+txmi on input line 94.

 (D:\JobSoftware\CTEX\MiKTeX\tex\latex\txfonts\omltxmi.fd
File: omltxmi.fd 2000/12/15 v3.1
)
LaTeX Font Info:    ... okay on input line 94.
LaTeX Font Info:    Checking defaults for T1/cmr/m/n on input line 94.
LaTeX Font Info:    ... okay on input line 94.
LaTeX Font Info:    Checking defaults for OT1/cmr/m/n on input line 94.
LaTeX Font Info:    ... okay on input line 94.
LaTeX Font Info:    Checking defaults for OMS/txsy/m/n on input line 94.
LaTeX Font Info:    Try loading font information for OMS+txsy on input line 94.


(D:\JobSoftware\CTEX\MiKTeX\tex\latex\txfonts\omstxsy.fd
File: omstxsy.fd 2000/12/15 v3.1
)
LaTeX Font Info:    ... okay on input line 94.
LaTeX Font Info:    Checking defaults for OMX/txex/m/n on input line 94.
LaTeX Font Info:    Try loading font information for OMX+txex on input line 94.


(D:\JobSoftware\CTEX\MiKTeX\tex\latex\txfonts\omxtxex.fd
File: omxtxex.fd 2000/12/15 v3.1
)
LaTeX Font Info:    ... okay on input line 94.
LaTeX Font Info:    Checking defaults for U/txexa/m/n on input line 94.
LaTeX Font Info:    Try loading font information for U+txexa on input line 94.

(D:\JobSoftware\CTEX\MiKTeX\tex\latex\txfonts\utxexa.fd
File: utxexa.fd 2000/12/15 v3.1
)
LaTeX Font Info:    ... okay on input line 94.
LaTeX Font Info:    Checking defaults for TS1/cmr/m/n on input line 94.
LaTeX Font Info:    ... okay on input line 94.
LaTeX Font Info:    Checking defaults for C00/song/m/n on input line 94.
LaTeX Font Info:    ... okay on input line 94.
LaTeX Font Info:    Checking defaults for C05/song/m/n on input line 94.
LaTeX Font Info:    ... okay on input line 94.
LaTeX Font Info:    Checking defaults for C09/song/m/n on input line 94.
LaTeX Font Info:    ... okay on input line 94.
LaTeX Font Info:    Checking defaults for C10/song/m/n on input line 94.
LaTeX Font Info:    ... okay on input line 94.
LaTeX Font Info:    Checking defaults for C20/song/m/n on input line 94.
LaTeX Font Info:    ... okay on input line 94.
LaTeX Font Info:    Checking defaults for C19/song/m/n on input line 94.
LaTeX Font Info:    ... okay on input line 94.
LaTeX Font Info:    Checking defaults for C40/song/m/n on input line 94.
LaTeX Font Info:    ... okay on input line 94.
LaTeX Font Info:    Checking defaults for C42/song/m/n on input line 94.
LaTeX Font Info:    ... okay on input line 94.
LaTeX Font Info:    Checking defaults for C43/song/m/n on input line 94.
LaTeX Font Info:    ... okay on input line 94.
LaTeX Font Info:    Checking defaults for C50/song/m/n on input line 94.
LaTeX Font Info:    ... okay on input line 94.
LaTeX Font Info:    Checking defaults for C52/song/m/n on input line 94.
LaTeX Font Info:    ... okay on input line 94.
LaTeX Font Info:    Checking defaults for C49/song/m/n on input line 94.
LaTeX Font Info:    ... okay on input line 94.
LaTeX Font Info:    Checking defaults for C60/mj/m/n on input line 94.
LaTeX Font Info:    ... okay on input line 94.
LaTeX Font Info:    Checking defaults for C61/mj/m/n on input line 94.
LaTeX Font Info:    ... okay on input line 94.
LaTeX Font Info:    Checking defaults for C63/mj/m/n on input line 94.
LaTeX Font Info:    ... okay on input line 94.
LaTeX Font Info:    Checking defaults for C64/mj/m/n on input line 94.
LaTeX Font Info:    ... okay on input line 94.
LaTeX Font Info:    Checking defaults for C65/mj/m/n on input line 94.
LaTeX Font Info:    ... okay on input line 94.
LaTeX Font Info:    Checking defaults for C70/song/m/n on input line 94.
LaTeX Font Info:    ... okay on input line 94.
LaTeX Font Info:    Checking defaults for C31/song/m/n on input line 94.
LaTeX Font Info:    ... okay on input line 94.
LaTeX Font Info:    Checking defaults for C32/song/m/n on input line 94.
LaTeX Font Info:    ... okay on input line 94.
LaTeX Font Info:    Checking defaults for C33/song/m/n on input line 94.
LaTeX Font Info:    ... okay on input line 94.
LaTeX Font Info:    Checking defaults for C34/song/m/n on input line 94.
LaTeX Font Info:    ... okay on input line 94.
LaTeX Font Info:    Checking defaults for C35/song/m/n on input line 94.
LaTeX Font Info:    ... okay on input line 94.
LaTeX Font Info:    Checking defaults for C36/song/m/n on input line 94.
LaTeX Font Info:    ... okay on input line 94.
LaTeX Font Info:    Checking defaults for C37/song/m/n on input line 94.
LaTeX Font Info:    ... okay on input line 94.
LaTeX Font Info:    Checking defaults for C80/song/m/n on input line 94.
LaTeX Font Info:    ... okay on input line 94.
LaTeX Font Info:    Checking defaults for C81/song/m/n on input line 94.
LaTeX Font Info:    ... okay on input line 94.
LaTeX Font Info:    Checking defaults for C01/song/m/n on input line 94.
LaTeX Font Info:    ... okay on input line 94.
LaTeX Font Info:    Checking defaults for C11/song/m/n on input line 94.
LaTeX Font Info:    ... okay on input line 94.
LaTeX Font Info:    Checking defaults for C21/song/m/n on input line 94.
LaTeX Font Info:    ... okay on input line 94.
LaTeX Font Info:    Checking defaults for C41/song/m/n on input line 94.
LaTeX Font Info:    ... okay on input line 94.
LaTeX Font Info:    Checking defaults for C62/song/m/n on input line 94.
LaTeX Font Info:    ... okay on input line 94.
LaTeX Font Info:    Checking defaults for PD1/pdf/m/n on input line 94.
LaTeX Font Info:    ... okay on input line 94.
LaTeX Font Info:    Try loading font information for OT1+txr on input line 94.

(D:\JobSoftware\CTEX\MiKTeX\tex\latex\txfonts\ot1txr.fd
File: ot1txr.fd 2000/12/15 v3.1
)<<ot1.cmap>>
(D:\JobSoftware\CTEX\MiKTeX\tex\context\base\supp-pdf.mkii
[Loading MPS to PDF converter (version 2006.09.02).]
\scratchcounter=\count296
\scratchdimen=\dimen192
\scratchbox=\box53
\nofMPsegments=\count297
\nofMParguments=\count298
\everyMPshowfont=\toks35
\MPscratchCnt=\count299
\MPscratchDim=\dimen193
\MPnumerator=\count300
\makeMPintoPDFobject=\count301
\everyMPtoPDFconversion=\toks36
)
\AtBeginShipoutBox=\box54
Package hyperref Info: Link coloring ON on input line 94.
 (D:\JobSoftware\CTEX\MiKTeX\tex\latex\hyperref\nameref.sty
Package: nameref 2010/04/30 v2.40 Cross-referencing by name of section

(D:\JobSoftware\CTEX\MiKTeX\tex\generic\oberdiek\gettitlestring.sty
Package: gettitlestring 2010/12/03 v1.4 Cleanup title references (HO)
)
\c@section@level=\count302
)
LaTeX Info: Redefining \ref on input line 94.
LaTeX Info: Redefining \pageref on input line 94.
LaTeX Info: Redefining \nameref on input line 94.

("D:\毕业相关\graduation thesis\main\main.out")
("D:\毕业相关\graduation thesis\main\main.out")
\@outlinefile=\write4

("D:\毕业相关\graduation thesis\main\SUDAthesis.cfg"
File: SUDAthesis.cfg 2005/10/11 v0.1e SUDAthesis configuration file
\c@axiom=\count303
\c@inferrule=\count304
\c@algo=\count305
\c@thm=\count306
\c@defn=\count307
\c@conj=\count308
\c@exmp=\count309
\c@rem=\count310
\c@case=\count311
)
Package caption Info: Begin \AtBeginDocument code.
Package caption Info: End \AtBeginDocument code.
\c@lstlisting=\count312

*geometry* driver: auto-detecting
*geometry* detected driver: pdftex
*geometry* verbose mode - [ preamble ] result:
* driver: pdftex
* paper: <default>
* layout: <same size as paper>
* layoutoffset:(h,v)=(0.0pt,0.0pt)
* modes: twoside 
* h-part:(L,W,R)=(78.24507pt, 441.01773pt, 78.24507pt)
* v-part:(T,H,B)=(96.73918pt, 657.25894pt, 91.04872pt)
* \paperwidth=597.50787pt
* \paperheight=845.04684pt
* \textwidth=441.01773pt
* \textheight=657.25894pt
* \oddsidemargin=5.97508pt
* \evensidemargin=5.97508pt
* \topmargin=0.08827pt
* \headheight=13.0pt
* \headsep=11.38092pt
* \topskip=12.0pt
* \footskip=31.86694pt
* \marginparwidth=88.0pt
* \marginparsep=7.0pt
* \columnsep=10.0pt
* \skip\footins=10.8pt plus 4.0pt minus 2.0pt
* \hoffset=0.0pt
* \voffset=0.0pt
* \mag=1000
* \@twocolumnfalse
* \@twosidetrue
* \@mparswitchtrue
* \@reversemarginfalse
* (1in=72.27pt=25.4mm, 1cm=28.453pt)

(D:\JobSoftware\CTEX\MiKTeX\tex\latex\cjk\standard.bdg
File: standard.bdg 2008/12/29 4.8.2
)
(D:\JobSoftware\CTEX\MiKTeX\tex\latex\cjk\extended.enc
File: extended.enc 2008/12/29 4.8.2
)
(D:\JobSoftware\CTEX\MiKTeX\tex\latex\cjk\extended.chr
File: extended.chr 2008/12/29 4.8.2
)
<cover.pdf, id=186, page=1, 597.73312pt x 845.40843pt>
File: cover.pdf Graphic file (type pdf)
 <use cover.pdf, page 1>
Package pdftex.def Info: cover.pdf, page1 used on input line 138.
(pdftex.def)             Requested size: 597.73166pt x 845.40636pt.
File: cover.pdf Graphic file (type pdf)

<use cover.pdf, page 1>
Package pdftex.def Info: cover.pdf, page1 used on input line 138.
(pdftex.def)             Requested size: 597.75902pt x 845.44505pt.
File: cover.pdf Graphic file (type pdf)
 <use cover.pdf, page 1>
Package pdftex.def Info: cover.pdf, page1 used on input line 138.
(pdftex.def)             Requested size: 597.75902pt x 845.44505pt.
File: cover.pdf Graphic file (type pdf)
 <use cover.pdf, page 1>
Package pdftex.def Info: cover.pdf, page1 used on input line 138.
(pdftex.def)             Requested size: 597.75902pt x 845.44505pt.
File: cover.pdf Graphic file (type pdf)

<use cover.pdf, page 1>
Package pdftex.def Info: cover.pdf, page1 used on input line 138.
(pdftex.def)             Requested size: 597.75902pt x 845.44505pt.
 [1
Non-PDF special ignored!

 <D:/毕业相关/graduation thesis/main/cover.pdf>]
[2

] <copyrightPage1.pdf, id=226, page=1, 597.55246pt x 845.07718pt>
File: copyrightPage1.pdf Graphic file (type pdf)

<use copyrightPage1.pdf, page 1>
Package pdftex.def Info: copyrightPage1.pdf, page1 used on input line 143.
(pdftex.def)             Requested size: 597.551pt x 845.07512pt.
File: copyrightPage1.pdf Graphic file (type pdf)
 <use copyrightPage1.pdf, page 1>
Package pdftex.def Info: copyrightPage1.pdf, page1 used on input line 143.
(pdftex.def)             Requested size: 597.57834pt x 845.1138pt.
File: copyrightPage1.pdf Graphic file (type pdf)

<use copyrightPage1.pdf, page 1>
Package pdftex.def Info: copyrightPage1.pdf, page1 used on input line 143.
(pdftex.def)             Requested size: 597.57834pt x 845.1138pt.
File: copyrightPage1.pdf Graphic file (type pdf)
 <use copyrightPage1.pdf, page 1>
Package pdftex.def Info: copyrightPage1.pdf, page1 used on input line 143.
(pdftex.def)             Requested size: 597.57834pt x 845.1138pt.
File: copyrightPage1.pdf Graphic file (type pdf)

<use copyrightPage1.pdf, page 1>
Package pdftex.def Info: copyrightPage1.pdf, page1 used on input line 143.
(pdftex.def)             Requested size: 597.57834pt x 845.1138pt.
 [3 <D:/毕业相关/graduation thesis/main/copyrightPage1.pdf>] [4

]
<copyrightPage2.pdf, id=267, page=1, 597.55246pt x 845.07718pt>
File: copyrightPage2.pdf Graphic file (type pdf)

<use copyrightPage2.pdf, page 1>
Package pdftex.def Info: copyrightPage2.pdf, page1 used on input line 145.
(pdftex.def)             Requested size: 597.551pt x 845.07512pt.
File: copyrightPage2.pdf Graphic file (type pdf)
 <use copyrightPage2.pdf, page 1>
Package pdftex.def Info: copyrightPage2.pdf, page1 used on input line 145.
(pdftex.def)             Requested size: 597.57834pt x 845.1138pt.
File: copyrightPage2.pdf Graphic file (type pdf)

<use copyrightPage2.pdf, page 1>
Package pdftex.def Info: copyrightPage2.pdf, page1 used on input line 145.
(pdftex.def)             Requested size: 597.57834pt x 845.1138pt.
File: copyrightPage2.pdf Graphic file (type pdf)
 <use copyrightPage2.pdf, page 1>
Package pdftex.def Info: copyrightPage2.pdf, page1 used on input line 145.
(pdftex.def)             Requested size: 597.57834pt x 845.1138pt.
File: copyrightPage2.pdf Graphic file (type pdf)

<use copyrightPage2.pdf, page 1>
Package pdftex.def Info: copyrightPage2.pdf, page1 used on input line 145.
(pdftex.def)             Requested size: 597.57834pt x 845.1138pt.
 [5 <D:/毕业相关/graduation thesis/main/copyrightPage2.pdf>] [6

] ("D:\毕业相关\graduation thesis\chapter\abstract.tex"
LaTeX Font Info:    Try loading font information for C19+zhhei on input line 1.

(D:\JobSoftware\CTEX\MiKTeX\tex\latex\zhmetrics\c19zhhei.fd
File: c19zhhei.fd 2009/09/23 4.8.2
)<<c1944.cmap>><<c1962.cmap>><<c1955.cmap>><<c1940.cmap>><<c1960.cmap>><<c1959.
cmap>><<c1945.cmap>><<c1938.cmap>><<c1954.cmap>><<c1942.cmap>><<c1946.cmap>><<c
1947.cmap>><<c1941.cmap>><<c1963.cmap>><<c1961.cmap>>
LaTeX Font Info:    Try loading font information for C19+rm on input line 3.

(D:\JobSoftware\CTEX\MiKTeX\tex\latex\ctex\fd\c19rm.fd
File: c19rm.fd 2007/05/06 v0.8a ctex font definition file
)<<c1937.cmap>><<c1965.cmap>><<c1939.cmap>><<c1958.cmap>><<c1964.cmap>><<c1943.
cmap>><<c1926.cmap>>
Package CJKpunct Info: punctuation spaces for family 'zhsong' do not exist. Use
 family 'def' instead. on input line 3.
<<c1957.cmap>><<c1936.cmap>><<c1950.cmap>><<c1952.cmap>><<c1948.cmap>><<c1949.c
map>><<c1925.cmap>><<c1956.cmap>><<c1951.cmap>><<c1953.cmap>>
Package CJKpunct Info: punctuation spaces for family 'zhhei' do not exist. Use 
family 'def' instead. on input line 15.
 [1

] [2] [3

]) [4]
[5] ("D:\毕业相关\graduation thesis\main\main.toc"<<oml.cmap>><<oms.cmap>><
<omx.cmap>>
LaTeX Font Info:    Try loading font information for U+txsya on input line 2.
 (D:\JobSoftware\CTEX\MiKTeX\tex\latex\txfonts\utxsya.fd
File: utxsya.fd 2000/12/15 v3.1
)

LaTeX Warning: File u.cmap not found on input line 2.

LaTeX Font Info:    Try loading font information for U+txsyb on input line 2.
(D:\JobSoftware\CTEX\MiKTeX\tex\latex\txfonts\utxsyb.fd
File: utxsyb.fd 2000/12/15 v3.1
)
LaTeX Font Info:    Try loading font information for U+stmry on input line 2.

(D:\JobSoftware\CTEX\MiKTeX\tex\latex\stmaryrd\ustmry.fd)
LaTeX Font Info:    Try loading font information for U+txmia on input line 2.

(D:\JobSoftware\CTEX\MiKTeX\tex\latex\txfonts\utxmia.fd
File: utxmia.fd 2000/12/15 v3.1
)
LaTeX Font Info:    Try loading font information for U+txsyc on input line 2.

(D:\JobSoftware\CTEX\MiKTeX\tex\latex\txfonts\utxsyc.fd
File: utxsyc.fd 2000/12/15 v3.1
)
LaTeX Font Info:    Try loading font information for U+rsfs on input line 2.

(D:\JobSoftware\CTEX\MiKTeX\tex\latex\jknappen\ursfs.fd
File: ursfs.fd 1998/03/24 rsfs font definition file (jk)
) [6

])
\tf@toc=\write5
\c@definition=\count313
\c@lemma=\count314
\c@theorem=\count315
\c@pf=\count316
 [7] [8

]
("D:\毕业相关\graduation thesis\chapter\chap01.tex"
һ
LaTeX Font Info:    Try loading font information for C19+zhsong on input line 1
0.
(D:\JobSoftware\CTEX\MiKTeX\tex\latex\zhmetrics\c19zhsong.fd
File: c19zhsong.fd 2009/09/23 4.8.2
)pdfTeX warning (ext4): destination with the same identifier (name{page.1}) has
 been already used, duplicate ignored
<to be read again> 
                   \relax 
l.10 
      [1

]
Underfull \vbox (badness 2903) has occurred while \output is active []

pdfTeX warning (ext4): destination with the same identifier (name{page.2}) has 
been already used, duplicate ignored
<to be read again> 
                   \relax 
l.19 
      [2]pdfTeX warning (ext4): destination with the same identifier (name{page
.3}) has been already used, duplicate ignored
<to be read again> 
                   \relax 
l.31 
      [3]pdfTeX warning (ext4): destination with the same identifier (name{page
.4}) has been already used, duplicate ignored
<to be read again> 
                   \relax 
l.41 
      [4]) ("D:\毕业相关\graduation thesis\chapter\chap02.tex"pdfTeX warnin
g (ext4): destination with the same identifier (name{page.5}) has been already 
used, duplicate ignored
<to be read again> 
                   \relax 
l.1 \chapter
            {ۼ} [5]
ڶ
<../figures/chap02/ner-features.jpg, id=505, 568.1225pt x 435.6275pt>
File: ../figures/chap02/ner-features.jpg Graphic file (type jpg)

<use ../figures/chap02/ner-features.jpg>
Package pdftex.def Info: ../figures/chap02/ner-features.jpg used on input line 
11.
(pdftex.def)             Requested size: 198.45662pt x 152.17278pt.


LaTeX Warning: `!h' float specifier changed to `!ht'.


LaTeX Warning: File ot154.cmap not found on input line 17.

pdfTeX warning (ext4): destination with the same identifier (name{page.6}) has 
been already used, duplicate ignored
<to be read again> 
                   \relax 
l.17 Ȼ
       ȻԴϣԵԣмֵǷǳѵ...
[6

]
LaTeX Font Info:    Try loading font information for C19+zhkai on input line 19
.
 (D:\JobSoftware\CTEX\MiKTeX\tex\latex\zhmetrics\c19zhkai.fd
File: c19zhkai.fd 2009/09/23 4.8.2
)
Overfull \hbox (4.89296pt too wide) detected at line 21
\OML/txmi/m/it/12 w[] \OT1/txr/m/n/12 = [1\OML/txmi/m/it/12 ; \OT1/txr/m/n/12 0
\OML/txmi/m/it/12 ; \OT1/txr/m/n/12 0\OML/txmi/m/it/12 ; \OT1/txr/m/n/12 0\OML/
txmi/m/it/12 ; []  ; \OT1/txr/m/n/12 0] \OML/txmi/m/it/12 w[] \OT1/txr/m/n/12 =
 [0\OML/txmi/m/it/12 ; \OT1/txr/m/n/12 1\OML/txmi/m/it/12 ; \OT1/txr/m/n/12 0\O
ML/txmi/m/it/12 ; \OT1/txr/m/n/12 0\OML/txmi/m/it/12 ; []  ; \OT1/txr/m/n/12 0]
 \OML/txmi/m/it/12 w[] \OT1/txr/m/n/12 = [0\OML/txmi/m/it/12 ; \OT1/txr/m/n/12 
0\OML/txmi/m/it/12 ; \OT1/txr/m/n/12 1\OML/txmi/m/it/12 ; \OT1/txr/m/n/12 0\OML
/txmi/m/it/12 ; []  ; \OT1/txr/m/n/12 0]  [] 
 []


Underfull \vbox (badness 10000) has occurred while \output is active []

 [7 <D:/毕业相关/graduation thesis/figures/chap02/ner-features.jpg>]
Missing character: There is no  in font txr!
Missing character: There is no  in font txr!
Missing character: There is no  in font txr!
Missing character: There is no  in font txr!
Missing character: There is no  in font txr!
 [8]<<c1981.cmap>> <../figures/chap02/word2vec_sample.png, id=528, 670.505pt x 
181.67876pt>
File: ../figures/chap02/word2vec_sample.png Graphic file (type png)

<use ../figures/chap02/word2vec_sample.png>
Package pdftex.def Info: ../figures/chap02/word2vec_sample.png used on input li
ne 54.
(pdftex.def)             Requested size: 198.45662pt x 53.77217pt.


LaTeX Warning: `!h' float specifier changed to `!ht'.

<../figures/chap02/CBOW.png, id=530, 497.86pt x 280.04625pt>
File: ../figures/chap02/CBOW.png Graphic file (type png)

<use ../figures/chap02/CBOW.png>
Package pdftex.def Info: ../figures/chap02/CBOW.png used on input line 62.
(pdftex.def)             Requested size: 198.45662pt x 111.63191pt.


LaTeX Warning: `!h' float specifier changed to `!ht'.

<../figures/chap02/CBOW_general.png, id=531, 443.6575pt x 548.0475pt>
File: ../figures/chap02/CBOW_general.png Graphic file (type png)

<use ../figures/chap02/CBOW_general.png>
Package pdftex.def Info: ../figures/chap02/CBOW_general.png used on input line 
70.
(pdftex.def)             Requested size: 198.45662pt x 245.1473pt.


LaTeX Warning: `!h' float specifier changed to `!ht'.

[9]
Underfull \vbox (badness 3954) has occurred while \output is active []

 [10 <D:/毕业相关/graduation thesis/figures/chap02/word2vec_sample.png> <D:
/毕业相关/graduation thesis/figures/chap02/CBOW.png> <D:/毕业相关/gradu
ation thesis/figures/chap02/CBOW_general.png>]
Underfull \vbox (badness 10000) has occurred while \output is active []

 [11]

LaTeX Warning: Citation `freitag2000information' on page 12 undefined on input 
line 93.


LaTeX Warning: Citation `borkar2001automatic' on page 12 undefined on input lin
e 93.


Underfull \vbox (badness 2460) has occurred while \output is active []

 [12]

LaTeX Warning: Citation `lafferty2001conditional' on page 13 undefined on input
 line 95.


LaTeX Warning: Citation `peng2006information' on page 13 undefined on input lin
e 95.


LaTeX Warning: Citation `lafferty2001conditional' on page 13 undefined on input
 line 95.


LaTeX Warning: Citation `agichtein2004mining' on page 13 undefined on input lin
e 96.


LaTeX Warning: Citation `mansuri2006integrating' on page 13 undefined on input 
line 96.


LaTeX Warning: Citation `zhao2008exploiting' on page 13 undefined on input line
 96.


LaTeX Warning: Citation `cortez2007flux' on page 13 undefined on input line 96.



LaTeX Warning: Citation `mansuri2006integrating' on page 13 undefined on input 
line 96.


LaTeX Warning: Citation `agichtein2004mining' on page 13 undefined on input lin
e 97.


LaTeX Warning: Citation `zhao2008exploiting' on page 13 undefined on input line
 97.


LaTeX Warning: Citation `agichtein2004mining' on page 13 undefined on input lin
e 97.


LaTeX Warning: Citation `zhao2008exploiting' on page 13 undefined on input line
 97.


LaTeX Warning: Citation `mansuri2006integrating' on page 13 undefined on input 
line 97.


LaTeX Warning: Citation `michelson2007unsupervised' on page 13 undefined on inp
ut line 101.

<<c1974.cmap>>
Underfull \vbox (badness 10000) has occurred while \output is active []

 [13]

LaTeX Warning: Citation `cortez2010ondux' on page 14 undefined on input line 10
3.

<../figures/chap03/framework.pdf, id=576, 451.6875pt x 619.31375pt>
File: ../figures/chap03/framework.pdf Graphic file (type pdf)

<use ../figures/chap03/framework.pdf>
Package pdftex.def Info: ../figures/chap03/framework.pdf used on input line 108
.
(pdftex.def)             Requested size: 198.45662pt x 272.11143pt.


LaTeX Warning: `!h' float specifier changed to `!ht'.

) ("D:\毕业相关\graduation thesis\chapter\chap03.tex" [14] [15 <D:/毕业
关/graduation thesis/figures/chap03/framework.pdf>]

File: ../figures/chap03/framework.pdf Graphic file (type pdf)
<use ../figures/chap03/framework.pdf>
Package pdftex.def Info: ../figures/chap03/framework.pdf used on input line 10.

(pdftex.def)             Requested size: 352.81552pt x 483.78098pt.


LaTeX Warning: `!h' float specifier changed to `!ht'.

[16

]

LaTeX Warning: Citation `cortez2010ondux' on page 17 undefined on input line 19
.


Underfull \vbox (badness 10000) has occurred while \output is active []

 [17]

LaTeX Warning: Citation `cortez2010ondux' on page 18 undefined on input line 30
.


LaTeX Warning: Citation `zhao2008exploiting' on page 18 undefined on input line
 30.

<../figures/chap03/KB.pdf, id=619, 462.72874pt x 164.615pt>
File: ../figures/chap03/KB.pdf Graphic file (type pdf)

<use ../figures/chap03/KB.pdf>
Package pdftex.def Info: ../figures/chap03/KB.pdf used on input line 34.
(pdftex.def)             Requested size: 352.81552pt x 125.51561pt.


LaTeX Warning: `!h' float specifier changed to `!ht'.

<../figures/chap03/labelExample.pdf, id=620, 453.695pt x 217.81375pt>
File: ../figures/chap03/labelExample.pdf Graphic file (type pdf)

<use ../figures/chap03/labelExample.pdf>
Package pdftex.def Info: ../figures/chap03/labelExample.pdf used on input line 
41.
(pdftex.def)             Requested size: 352.81552pt x 169.3822pt.


LaTeX Warning: `!h' float specifier changed to `!ht'.

Package CJKpunct Info: punctuation spaces for family 'zhkai' do not exist. Use 
family 'def' instead. on input line 52.
[18] [19 <D:/毕业相关/graduation thesis/figures/chap03/KB.pdf> <D:/毕业
关/graduation thesis/figures/chap03/labelExample.pdf>]
<../figures/chap03/CNN_des.pdf, id=684, 1144.275pt x 450.9347pt>
File: ../figures/chap03/CNN_des.pdf Graphic file (type pdf)

<use ../figures/chap03/CNN_des.pdf>
Package pdftex.def Info: ../figures/chap03/CNN_des.pdf used on input line 78.
(pdftex.def)             Requested size: 352.81552pt x 139.03831pt.


LaTeX Warning: `!h' float specifier changed to `!ht'.


LaTeX Warning: Citation `sahu2016relation' on page 20 undefined on input line 8
4.


LaTeX Warning: Citation `kim2014convolutional' on page 20 undefined on input li
ne 84.

[20]

LaTeX Warning: Citation `th2015evaluating' on page 21 undefined on input line 9
0.


LaTeX Warning: Citation `mikolov2013distributed' on page 21 undefined on input 
line 90.

[21 <D:/毕业相关/graduation thesis/figures/chap03/CNN_des.pdf>]

LaTeX Warning: File ot148.cmap not found on input line 115.

[22]
<../figures/chap03/candidate-Labels.pdf, id=754, 390.45876pt x 336.25626pt>
File: ../figures/chap03/candidate-Labels.pdf Graphic file (type pdf)

<use ../figures/chap03/candidate-Labels.pdf>
Package pdftex.def Info: ../figures/chap03/candidate-Labels.pdf used on input l
ine 120.
(pdftex.def)             Requested size: 352.81552pt x 303.8541pt.
)
("D:\毕业相关\graduation thesis\chapter\chap04.tex" [23 <D:/毕业相关/gr
aduation thesis/figures/chap03/candidate-Labels.pdf>]

LaTeX Font Info:    Calculating math sizes for size <10.5> on input line 16.

LaTeX Font Warning: Font shape `U/stmry/m/n' in size <10.5> not available
(Font)              size <10.95> substituted on input line 16.


LaTeX Font Warning: Font shape `U/rsfs/m/n' in size <10.5> not available
(Font)              size <10.95> substituted on input line 16.


LaTeX Font Warning: Font shape `U/stmry/m/n' in size <10.54> not available
(Font)              size <10.95> substituted on input line 19.


LaTeX Font Warning: Font shape `U/rsfs/m/n' in size <10.54> not available
(Font)              size <10.95> substituted on input line 19.


Underfull \hbox (badness 10000) in paragraph at lines 21--21
[]|\OT1/txr/bx/n/10.54 Residence
 []


Underfull \hbox (badness 10000) in paragraph at lines 21--21
[]|\OT1/txr/bx/n/10.54 Location
 []


Overfull \hbox (1.82748pt too wide) in paragraph at lines 21--21
[]|\OT1/txr/bx/n/10.54 Floor| 
 []


Underfull \hbox (badness 1616) in paragraph at lines 21--22
[]|\OT1/txr/bx/n/10.54 General Sup-pli-men-tal De-scrip-
 []


Overfull \hbox (1.55605pt too wide) in paragraph at lines 23--23
[]|$\OML/txmi/m/it/10.54 r[]$| 
 []


Underfull \hbox (badness 10000) in paragraph at lines 23--23
[]|\OT1/txr/m/n/10.54 Canglang-
 []


Overfull \hbox (0.64018pt too wide) in paragraph at lines 23--23
[]|\OT1/txr/m/n/10.54 Residence| 
 []


Overfull \hbox (1.55605pt too wide) in paragraph at lines 24--24
[]|$\OML/txmi/m/it/10.54 r[]$| 
 []


Underfull \hbox (badness 10000) in paragraph at lines 24--24
[]|\OT1/txr/m/n/10.54 Canglang-
 []


Overfull \hbox (0.64018pt too wide) in paragraph at lines 24--24
[]|\OT1/txr/m/n/10.54 Residence| 
 []


Overfull \hbox (1.55605pt too wide) in paragraph at lines 25--25
[]|$\OML/txmi/m/it/10.54 r[]$| 
 []


Underfull \hbox (badness 10000) in paragraph at lines 25--25
[]|\OT1/txr/m/n/10.54 Oak Bay
 []


Overfull \hbox (6.0694pt too wide) in paragraph at lines 25--25
[]|\OT1/txr/m/n/10.54 Xiangcheng-
 []


Overfull \hbox (2.40036pt too wide) in paragraph at lines 25--25
[]|\OT1/txr/m/n/10.54 Apartment| 
 []


Overfull \hbox (1.19508pt too wide) in paragraph at lines 25--25
[]|\OT1/txr/m/n/10.54 25/29| 
 []


Overfull \hbox (1.55605pt too wide) in paragraph at lines 26--26
[]|$\OML/txmi/m/it/10.54 r[]$| 
 []


Underfull \hbox (badness 10000) in paragraph at lines 26--26
[]|\OT1/txr/m/n/10.54 Canglang-
 []


Overfull \hbox (0.64018pt too wide) in paragraph at lines 26--26
[]|\OT1/txr/m/n/10.54 Residence| 
 []


Overfull \hbox (1.55605pt too wide) in paragraph at lines 27--27
[]|$\OML/txmi/m/it/10.54 r[]$| 
 []


Underfull \hbox (badness 10000) in paragraph at lines 27--27
[]|\OT1/txr/m/n/10.54 Oak Bay
 []


Overfull \hbox (6.0694pt too wide) in paragraph at lines 27--27
[]|\OT1/txr/m/n/10.54 Xiangcheng-
 []


Overfull \hbox (2.40036pt too wide) in paragraph at lines 27--27
[]|\OT1/txr/m/n/10.54 Apartment| 
 []


Overfull \hbox (1.19508pt too wide) in paragraph at lines 27--27
[]|\OT1/txr/m/n/10.54 25/29| 
 []

[24

] <../figures/chap04/workflow.pdf, id=785, 1124.70187pt x 456.20438pt>
File: ../figures/chap04/workflow.pdf Graphic file (type pdf)

<use ../figures/chap04/workflow.pdf>
Package pdftex.def Info: ../figures/chap04/workflow.pdf used on input line 36.
(pdftex.def)             Requested size: 418.96548pt x 169.94154pt.

Underfull \vbox (badness 10000) has occurred while \output is active []

 [25]

LaTeX Warning: Citation `ektefa2011threshold' on page 26 undefined on input lin
e 45.


LaTeX Warning: Citation `gao2011web' on page 26 undefined on input line 45.

LaTeX Font Info:    Try loading font information for OMS+txr on input line 45.
(D:\JobSoftware\CTEX\MiKTeX\tex\latex\txfonts\omstxr.fd
File: omstxr.fd 2000/12/15 v3.1
)
LaTeX Font Info:    Font shape `OMS/txr/m/it' in size <12> not available
(Font)              Font shape `OMS/txsy/m/n' tried instead on input line 45.
LaTeX Font Info:    Font shape `OMS/txr/m/n' in size <12> not available
(Font)              Font shape `OMS/txsy/m/n' tried instead on input line 45.


LaTeX Warning: Citation `Das2007A' on page 26 undefined on input line 47.


LaTeX Warning: Citation `Blei2003Latent' on page 26 undefined on input line 47.



LaTeX Warning: Citation `Landauer1998An' on page 26 undefined on input line 47.



LaTeX Warning: Citation `Hofmann2013Probabilistic' on page 26 undefined on inpu
t line 47.


Underfull \vbox (badness 2913) has occurred while \output is active []

 [26 <D:/毕业相关/graduation thesis/figures/chap04/workflow.pdf>]

LaTeX Warning: Citation `Kim2012Method' on page 27 undefined on input line 49.


LaTeX Warning: Citation `Wu2012Text' on page 27 undefined on input line 49.


Underfull \vbox (badness 2903) has occurred while \output is active []

 [27]
[28]

LaTeX Font Warning: Command \small invalid in math mode on input line 78.


LaTeX Warning: File ot145.cmap not found on input line 95.

[29]

LaTeX Warning: Citation `Kim2013Context' on page 30 undefined on input line 101
.


Underfull \vbox (badness 1681) has occurred while \output is active []

 [30]
<../figures/chap04/exam.pdf, id=900, 571.59244pt x 214.18318pt>
File: ../figures/chap04/exam.pdf Graphic file (type pdf)

<use ../figures/chap04/exam.pdf>
Package pdftex.def Info: ../figures/chap04/exam.pdf used on input line 133.
(pdftex.def)             Requested size: 418.96548pt x 156.99951pt.


LaTeX Warning: Citation `Guo2010Record' on page 31 undefined on input line 140.



Underfull \vbox (badness 10000) has occurred while \output is active []

 [31]

LaTeX Warning: Citation `sun2014fine' on page 32 undefined on input line 159.


Underfull \vbox (badness 10000) has occurred while \output is active []

 [32 <D:/毕业相关/graduation thesis/figures/chap04/exam.pdf>]

LaTeX Font Warning: Command \small invalid in math mode on input line 175.

LaTeX Font Info:    Calculating math sizes for size <> on input line 177.

LaTeX Font Warning: Font shape `U/stmry/m/n' in size <> not available
(Font)              size <5> substituted on input line 177.


LaTeX Font Warning: Font shape `U/stmry/m/n' in size <0.7> not available
(Font)              size <5> substituted on input line 177.


LaTeX Font Warning: Font shape `U/stmry/m/n' in size <0.5> not available
(Font)              size <5> substituted on input line 177.


LaTeX Font Warning: Font shape `U/rsfs/m/n' in size <> not available
(Font)              size <5> substituted on input line 177.


LaTeX Font Warning: Font shape `U/rsfs/m/n' in size <0.7> not available
(Font)              size <5> substituted on input line 177.


LaTeX Font Warning: Font shape `U/rsfs/m/n' in size <0.5> not available
(Font)              size <5> substituted on input line 177.

[33]

LaTeX Warning: Citation `Sarwar2001Item' on page 34 undefined on input line 200
.


Underfull \vbox (badness 10000) has occurred while \output is active []

 [34]
[35]

LaTeX Warning: Citation `Aizawa2005A' on page 36 undefined on input line 257.


LaTeX Warning: Citation `Christen2011A' on page 36 undefined on input line 257.



LaTeX Warning: Citation `Borthwick2011Batch' on page 36 undefined on input line
 259.


LaTeX Warning: Citation `Yang2015NokeaRM' on page 36 undefined on input line 26
1.


LaTeX Warning: Citation `Blei2003Latent' on page 36 undefined on input line 263
.


LaTeX Warning: Citation `Villarreal2011Topic' on page 36 undefined on input lin
e 265.



pdfTeX warning: pdflatex.exe (file D:/毕业相关/graduation thesis/figures/ch
ap04/pr.pdf): PDF inclusion: found PDF version <1.6>, but at most version <1.5>
 allowed
<../figures/chap04/pr.pdf, id=1035, 356.71638pt x 257.5773pt>
File: ../figures/chap04/pr.pdf Graphic file (type pdf)

<use ../figures/chap04/pr.pdf>
Package pdftex.def Info: ../figures/chap04/pr.pdf used on input line 273.
(pdftex.def)             Requested size: 211.68661pt x 152.85753pt.


pdfTeX warning: pdflatex.exe (file D:/毕业相关/graduation thesis/figures/ch
ap04/carpr.pdf): PDF inclusion: found PDF version <1.6>, but at most version <1
.5> allowed
<../figures/chap04/carpr.pdf, id=1036, 356.71678pt x 252.01762pt>
File: ../figures/chap04/carpr.pdf Graphic file (type pdf)

<use ../figures/chap04/carpr.pdf>
Package pdftex.def Info: ../figures/chap04/carpr.pdf used on input line 276.
(pdftex.def)             Requested size: 211.68661pt x 149.55818pt.
 [36]
Underfull \hbox (badness 1231) in paragraph at lines 314--314
[]|\OT1/txr/m/n/10.54 1. Com-mu-ni-ty Plan-ning well, u-nique
 []


Underfull \hbox (badness 2846) in paragraph at lines 314--314
\OT1/txr/m/n/10.54 a gar-den, fur-ni-ture and ap-pli-ances e-
 []


Underfull \hbox (badness 3977) in paragraph at lines 317--317
[]|\OT1/txr/bx/n/10.54 Community Plan-ning\OT1/txr/m/n/10.54 , well, warmth,
 []


Underfull \hbox (badness 2318) in paragraph at lines 317--317
[]|\OT1/txr/bx/n/10.54 facing\OT1/txr/m/n/10.54 , \OT1/txr/bx/n/10.54 south\OT1
/txr/m/n/10.54 , light-ing, air con-di-tion-
 []


Underfull \hbox (badness 10000) in paragraph at lines 318--318
[]|\OT1/txr/bx/n/10.54 Sub-
 []


Underfull \hbox (badness 1521) in paragraph at lines 318--318
[]|\OT1/txr/bx/n/10.54 facing\OT1/txr/m/n/10.54 , \OT1/txr/bx/n/10.54 light-ing
\OT1/txr/m/n/10.54 , air con-di-tion-ing, wa-
 []

[37 <D:/毕业相关/graduation thesis/figures/chap04/pr.pdf> <D:/毕业相关/
graduation thesis/figures/chap04/carpr.pdf>]
Overfull \hbox (0.98653pt too wide) in paragraph at lines 334--334
[]|\OT1/txr/bx/n/10.54 Phrases| 
 []


Overfull \hbox (4.84598pt too wide) in paragraph at lines 334--334
[]|\OT1/txr/m/n/10.54 Community
 []


Overfull \hbox (3.64148pt too wide) in paragraph at lines 334--334
[]|\OT1/txr/m/n/10.54 warmth| 
 []


Underfull \hbox (badness 10000) in paragraph at lines 334--334
[]|\OT1/txr/m/n/10.54 furniture
 []


Overfull \hbox (4.65556pt too wide) in paragraph at lines 334--334
[]|\OT1/txr/m/n/10.54 decoration| 
 []


Overfull \hbox (1.17365pt too wide) in paragraph at lines 334--334
[]|\OT1/txr/m/n/10.54 color| 
 []


Overfull \hbox (3.47171pt too wide) in paragraph at lines 334--334
[]|\OT1/txr/m/n/10.54 facing| 
 []


Overfull \hbox (2.8382pt too wide) in paragraph at lines 334--334
[]|\OT1/txr/m/n/10.54 floor| 
 []


Overfull \hbox (5.05954pt too wide) in paragraph at lines 334--334
[]|\OT1/txr/m/n/10.54 ...| 
 []


Overfull \hbox (1.37314pt too wide) in paragraph at lines 335--335
[]|\OT1/txr/m/n/10.54 0.89| 
 []


Overfull \hbox (5.05954pt too wide) in paragraph at lines 335--335
[]|\OT1/txr/m/n/10.54 ...| 
 []

[38]

pdfTeX warning: pdflatex.exe (file D:/毕业相关/graduation thesis/figures/ch
ap04/f1.pdf): PDF inclusion: found PDF version <1.6>, but at most version <1.5>
 allowed
<../figures/chap04/f1.pdf, id=1079, 173.11957pt x 95.26541pt>
File: ../figures/chap04/f1.pdf Graphic file (type pdf)

<use ../figures/chap04/f1.pdf>
Package pdftex.def Info: ../figures/chap04/f1.pdf used on input line 348.
(pdftex.def)             Requested size: 211.68661pt x 116.49397pt.


pdfTeX warning: pdflatex.exe (file D:/毕业相关/graduation thesis/figures/ch
ap04/time.pdf): PDF inclusion: found PDF version <1.6>, but at most version <1.
5> allowed
<../figures/chap04/time.pdf, id=1080, 176.96875pt x 90.3369pt>
File: ../figures/chap04/time.pdf Graphic file (type pdf)

<use ../figures/chap04/time.pdf>
Package pdftex.def Info: ../figures/chap04/time.pdf used on input line 351.
(pdftex.def)             Requested size: 211.68661pt x 108.06738pt.
)
("D:\毕业相关\graduation thesis\chapter\chap05.tex" [39 <D:/毕业相关/gr
aduation thesis/figures/chap04/f1.pdf> <D:/毕业相关/graduation thesis/figur
es/chap04/time.pdf>]

[40

]
Underfull \vbox (badness 2903) has occurred while \output is active []

 [41])
No file main.bbl.
("D:\毕业相关\graduation thesis\chapter\pub.tex" [42]

LaTeX Warning: Empty `publications' environment on input line 2.


Overfull \hbox (9.48627pt too wide) in paragraph at lines 37--38
[]\OT1/txr/m/n/12 [1] \C19/zhsong/bx/n/12/48 o \C19/zhsong/bx/n/12/64  \C19/zh
song/bx/n/12/60 R\OT1/txr/m/n/12 , \C19/zhsong/m/n/12/61 [][] \C19/zhsong/m/n/
12/53 r[][] \C19/zhsong/m/n/12/40 \OT1/txr/m/n/12 . ``\C19/zhsong/m/n/12/61  
\C19/zhsong/bx/n/12/64  \C19/zhsong/bx/n/12/62 ^ u \C19/zhsong/bx/n/12/55  \C
19/zhsong/m/n/12/57 N \C19/zhsong/m/n/12/52   \C19/zhsong/m/n/12/40  \C19/zh
song/bx/n/12/41  { \C19/zhsong/m/n/12/45 9 \C19/zhsong/m/n/12/59 X \C19/zhsong
/m/n/12/57 \OT1/txr/m/n/12 ". \C19/zhsong/bx/n/12/55  \C19/zhsong/m/n/12/53 
 \C19/zhsong/m/n/12/54 F \C19/zhsong/m/n/12/52 \OT1/txr/m/n/12 : 2015\C19/zhso
ng/m/n/12/51 c\OT1/txr/m/n/12 07\C19/zhsong/m/n/12/63 \OT1/txr/m/n/12 14\C19/z
hsong/m/n/12/54 F\OT1/txr/m/n/12 ,
 []


Overfull \hbox (9.63028pt too wide) in paragraph at lines 39--40
[]\OT1/txr/m/n/12 [2] \C19/zhsong/m/n/12/61 [][] \C19/zhsong/m/n/12/53 r[][]\O
T1/txr/m/n/12 , \C19/zhsong/bx/n/12/48 o \C19/zhsong/bx/n/12/64  \C19/zhsong/b
x/n/12/60 R \C19/zhsong/m/n/12/40 \OT1/txr/m/n/12 . ``\C19/zhsong/m/n/12/61  
\C19/zhsong/bx/n/12/64  \C19/zhsong/bx/n/12/62 ^ u \C19/zhsong/bx/n/12/55  \C
19/zhsong/m/n/12/57 N \C19/zhsong/m/n/12/52   \C19/zhsong/m/n/12/40  \C19/zh
song/bx/n/12/41  { \C19/zhsong/m/n/12/45 9 \C19/zhsong/m/n/12/59 X \C19/zhsong
/m/n/12/57 \OT1/txr/m/n/12 ". \C19/zhsong/bx/n/12/55  \C19/zhsong/m/n/12/53 
 \C19/zhsong/m/n/12/54 F \C19/zhsong/m/n/12/52 \OT1/txr/m/n/12 : 2015\C19/zhso
ng/m/n/12/51 c\OT1/txr/m/n/12 06\C19/zhsong/m/n/12/63 \OT1/txr/m/n/12 16\C19/z
hsong/m/n/12/54 F\OT1/txr/m/n/12 ,
 []

[43

]) ("D:\毕业相关\graduation thesis\chapter\thanks.tex" [44]

Package hyperref Warning: Token not allowed in a PDF string (PDFDocEncoding):
(hyperref)                \hskip 12.0pt
(hyperref)                replaced by space on input line 1.


Package hyperref Warning: Token not allowed in a PDF string (PDFDocEncoding):
(hyperref)                \hskip 12.0pt
(hyperref)                replaced by space on input line 1.

<<c1969.cmap>><<c1931.cmap>>) [45

]
Package atveryend Info: Empty hook `BeforeClearDocument' on input line 221.
Package atveryend Info: Empty hook `AfterLastShipout' on input line 221.

("D:\毕业相关\graduation thesis\main\main.aux")
Package atveryend Info: Executing hook `AtVeryEndDocument' on input line 221.
Package atveryend Info: Executing hook `AtEndAfterFileList' on input line 221.


Package rerunfilecheck Warning: File `main.out' has changed.
(rerunfilecheck)                Rerun to get outlines right
(rerunfilecheck)                or use package `bookmark'.

Package rerunfilecheck Info: Checksums for `main.out':
(rerunfilecheck)             Before: 4B43631075EE3D2B488395A3568D7A85;7627
(rerunfilecheck)             After:  CEAE346947F517463E879BA13E791E22;3259.

LaTeX Font Warning: Size substitutions with differences
(Font)              up to 4.5pt have occurred.


LaTeX Warning: There were undefined references.


LaTeX Warning: There were multiply-defined labels.

 ) 
Here is how much of TeX's memory you used:
 23192 strings out of 495354
 370486 string characters out of 3183188
 441500 words of memory out of 3000000
 25021 multiletter control sequences out of 15000+200000
 198606 words of font info for 581 fonts, out of 3000000 for 9000
 14 hyphenation exceptions out of 8191
 41i,20n,51p,1244b,1137s stack positions out of 5000i,500n,10000p,200000b,50000s
pdfTeX warning (dest): name{Hfootnote.2} has been referenced but does not exi
st, replaced by a fixed one

pdfTeX warning (dest): name{Hfootnote.1} has been referenced but does not exist
, replaced by a fixed one

<C:/Windows/Fonts/simsun.ttc><C:/Windows/Fonts/simsun.ttc><C:/Windows/Fonts/sim
hei.ttf>{D:/JobSoftware/CTEX/MiKTeX/fonts/enc/dvips/fontname/8r.enc}<C:/Windows
/Fonts/simkai.ttf><C:/Windows/Fonts/simkai.ttf><C:/Windows/Fonts/simkai.ttf><C:
/Windows/Fonts/simkai.ttf><C:/Windows/Fonts/simkai.ttf><C:/Windows/Fonts/simkai
.ttf><C:/Windows/Fonts/simkai.ttf><C:/Windows/Fonts/simkai.ttf><C:/Windows/Font
s/simkai.ttf><C:/Windows/Fonts/simkai.ttf><C:/Windows/Fonts/simkai.ttf><C:/Wind
ows/Fonts/simkai.ttf><C:/Windows/Fonts/simkai.ttf><C:/Windows/Fonts/simkai.ttf>
<C:/Windows/Fonts/simkai.ttf><C:/Windows/Fonts/simsun.ttc><C:/Windows/Fonts/sim
kai.ttf><C:/Windows/Fonts/simkai.ttf><C:/Windows/Fonts/simkai.ttf><C:/Windows/F
onts/simkai.ttf><C:/Windows/Fonts/simkai.ttf><C:/Windows/Fonts/simkai.ttf><C:/W
indows/Fonts/simkai.ttf><C:/Windows/Fonts/simkai.ttf><C:/Windows/Fonts/simhei.t
tf><C:/Windows/Fonts/simkai.ttf><C:/Windows/Fonts/simkai.ttf><C:/Windows/Fonts/
simkai.ttf><C:/Windows/Fonts/simkai.ttf><C:/Windows/Fonts/simkai.ttf><C:/Window
s/Fonts/simkai.ttf><C:/Windows/Fonts/simkai.ttf><C:/Windows/Fonts/simsun.ttc><C
:/Windows/Fonts/simkai.ttf><C:/Windows/Fonts/simkai.ttf><C:/Windows/Fonts/simka
i.ttf><C:/Windows/Fonts/simhei.ttf><C:/Windows/Fonts/simhei.ttf><C:/Windows/Fon
ts/simhei.ttf><C:/Windows/Fonts/simhei.ttf><C:/Windows/Fonts/simhei.ttf><C:/Win
dows/Fonts/simhei.ttf><C:/Windows/Fonts/simhei.ttf><C:/Windows/Fonts/simhei.ttf
><C:/Windows/Fonts/simhei.ttf><C:/Windows/Fonts/simhei.ttf><C:/Windows/Fonts/si
mhei.ttf><C:/Windows/Fonts/simhei.ttf><C:/Windows/Fonts/simhei.ttf><C:/Windows/
Fonts/simhei.ttf><C:/Windows/Fonts/simsun.ttc><C:/Windows/Fonts/simsun.ttc><C:/
Windows/Fonts/simsun.ttc><C:/Windows/Fonts/simsun.ttc><C:/Windows/Fonts/simsun.
ttc><C:/Windows/Fonts/simsun.ttc><C:/Windows/Fonts/simsun.ttc><C:/Windows/Fonts
/simsun.ttc><C:/Windows/Fonts/simsun.ttc><C:/Windows/Fonts/simsun.ttc><C:/Windo
ws/Fonts/simsun.ttc><C:/Windows/Fonts/simsun.ttc><C:/Windows/Fonts/simsun.ttc><
C:/Windows/Fonts/simsun.ttc><C:/Windows/Fonts/simsun.ttc><C:/Windows/Fonts/sims
un.ttc><C:/Windows/Fonts/simsun.ttc><C:/Windows/Fonts/simhei.ttf><C:/Windows/Fo
nts/simhei.ttf><C:/Windows/Fonts/simhei.ttf><C:/Windows/Fonts/simhei.ttf><C:/Wi
ndows/Fonts/simhei.ttf><C:/Windows/Fonts/simhei.ttf><C:/Windows/Fonts/simhei.tt
f><C:/Windows/Fonts/simhei.ttf><C:/Windows/Fonts/simhei.ttf><C:/Windows/Fonts/s
imhei.ttf><C:/Windows/Fonts/simhei.ttf><C:/Windows/Fonts/simhei.ttf><C:/Windows
/Fonts/simhei.ttf><C:/Windows/Fonts/simhei.ttf><C:/Windows/Fonts/simhei.ttf><C:
/Windows/Fonts/simsun.ttc><C:/Windows/Fonts/simsun.ttc><C:/Windows/Fonts/simsun
.ttc><C:/Windows/Fonts/simsun.ttc><C:/Windows/Fonts/simsun.ttc><C:/Windows/Font
s/simsun.ttc><C:/Windows/Fonts/simsun.ttc><C:/Windows/Fonts/simsun.ttc><C:/Wind
ows/Fonts/simsun.ttc><C:/Windows/Fonts/simsun.ttc><C:/Windows/Fonts/simsun.ttc>
<C:/Windows/Fonts/simsun.ttc><C:/Windows/Fonts/simsun.ttc><C:/Windows/Fonts/sim
sun.ttc><C:/Windows/Fonts/simsun.ttc><D:/JobSoftware/CTEX/MiKTeX/fonts/type1/pu
blic/txfonts/rtxmi.pfb><D:/JobSoftware/CTEX/MiKTeX/fonts/type1/public/txfonts/r
txr.pfb><D:/JobSoftware/CTEX/MiKTeX/fonts/type1/public/txfonts/txex.pfb><D:/Job
Software/CTEX/MiKTeX/fonts/type1/public/txfonts/txsy.pfb><D:/JobSoftware/CTEX/M
iKTeX/fonts/type1/public/txfonts/txsyb.pfb><D:/JobSoftware/CTEX/MiKTeX/fonts/ty
pe1/public/txfonts/txsyc.pfb><D:/JobSoftware/CTEX/MiKTeX/fonts/type1/urw/times/
utmb8a.pfb><D:/JobSoftware/CTEX/MiKTeX/fonts/type1/urw/times/utmbi8a.pfb><D:/Jo
bSoftware/CTEX/MiKTeX/fonts/type1/urw/times/utmr8a.pfb><D:/JobSoftware/CTEX/MiK
TeX/fonts/type1/urw/times/utmri8a.pfb>
Output written on main.pdf (59 pages, 2112250 bytes).
PDF statistics:
 1521 PDF objects out of 1728 (max. 8388607)
 161 named destinations out of 1000 (max. 500000)
 641 words of extra memory for PDF output out of 10000 (max. 10000000)

